Flow report for system
Tue Mar 07 13:05:36 2017
Quartus Prime Version 16.0.0 Build 211 04/27/2016 SJ Standard Edition


---------------------
; Table of Contents ;
---------------------
  1. Legal Notice
  2. Flow Summary
  3. Flow Settings
  4. Flow Non-Default Global Settings
  5. Flow Elapsed Time
  6. Flow OS Summary
  7. Flow Log
  8. Flow Messages
  9. Flow Suppressed Messages



----------------
; Legal Notice ;
----------------
Copyright (C) 1991-2016 Altera Corporation. All rights reserved.
Your use of Altera Corporation's design tools, logic functions 
and other software and tools, and its AMPP partner logic 
functions, and any output files from any of the foregoing 
(including device programming or simulation files), and any 
associated documentation or information are expressly subject 
to the terms and conditions of the Altera Program License 
Subscription Agreement, the Altera Quartus Prime License Agreement,
the Altera MegaCore Function License Agreement, or other 
applicable license agreement, including, without limitation, 
that your use is for the sole purpose of programming logic 
devices manufactured by Altera and sold by Altera or its 
authorized distributors.  Please refer to the applicable 
agreement for further details.



+-----------------------------------------------------------------------------------+
; Flow Summary                                                                      ;
+---------------------------------+-------------------------------------------------+
; Flow Status                     ; Successful - Tue Mar 07 13:05:04 2017           ;
; Quartus Prime Version           ; 16.0.0 Build 211 04/27/2016 SJ Standard Edition ;
; Revision Name                   ; system                                          ;
; Top-level Entity Name           ; system_soc                                      ;
; Family                          ; Cyclone V                                       ;
; Device                          ; 5CSEMA4U23C6                                    ;
; Timing Models                   ; Final                                           ;
; Logic utilization (in ALMs)     ; 168 / 15,880 ( 1 % )                            ;
; Total registers                 ; 588                                             ;
; Total pins                      ; 154 / 314 ( 49 % )                              ;
; Total virtual pins              ; 0                                               ;
; Total block memory bits         ; 512 / 2,764,800 ( < 1 % )                       ;
; Total DSP Blocks                ; 0 / 84 ( 0 % )                                  ;
; Total HSSI RX PCSs              ; 0                                               ;
; Total HSSI PMA RX Deserializers ; 0                                               ;
; Total HSSI TX PCSs              ; 0                                               ;
; Total HSSI PMA TX Serializers   ; 0                                               ;
; Total PLLs                      ; 1 / 5 ( 20 % )                                  ;
; Total DLLs                      ; 1 / 4 ( 25 % )                                  ;
+---------------------------------+-------------------------------------------------+


+-----------------------------------------+
; Flow Settings                           ;
+-------------------+---------------------+
; Option            ; Setting             ;
+-------------------+---------------------+
; Start date & time ; 03/07/2017 13:00:44 ;
; Main task         ; Compilation         ;
; Revision Name     ; system              ;
+-------------------+---------------------+


+-----------------------------------------------------------------------------------------------------------------------------------------------------------------------------------------+
; Flow Non-Default Global Settings                                                                                                                                                        ;
+---------------------------------------+-----------------------------------------------------------------------------------+---------------+--------------------------------+------------+
; Assignment Name                       ; Value                                                                             ; Default Value ; Entity Name                    ; Section Id ;
+---------------------------------------+-----------------------------------------------------------------------------------+---------------+--------------------------------+------------+
; COMPILER_SIGNATURE_ID                 ; 26830025649408.148891684436496                                                    ; --            ; --                             ; --         ;
; ECO_REGENERATE_REPORT                 ; On                                                                                ; Off           ; --                             ; --         ;
; HPS_ISW_FILE                          ; ./qsys_prj/qsys_gen/synthesis/submodules/sequencer/alt_types.pre.h                ; --            ; system_soc_hps_0_hps_io_border ; --         ;
; HPS_ISW_FILE                          ; ./qsys_prj/qsys_gen/synthesis/submodules/sequencer/emif.pre.xml                   ; --            ; system_soc_hps_0_hps_io_border ; --         ;
; HPS_ISW_FILE                          ; ./qsys_prj/qsys_gen/synthesis/submodules/sequencer/sdram_io.pre.h                 ; --            ; system_soc_hps_0_hps_io_border ; --         ;
; HPS_ISW_FILE                          ; ./qsys_prj/qsys_gen/synthesis/submodules/sequencer/sequencer.pre.c                ; --            ; system_soc_hps_0_hps_io_border ; --         ;
; HPS_ISW_FILE                          ; ./qsys_prj/qsys_gen/synthesis/submodules/sequencer/sequencer.pre.h                ; --            ; system_soc_hps_0_hps_io_border ; --         ;
; HPS_ISW_FILE                          ; ./qsys_prj/qsys_gen/synthesis/submodules/sequencer/sequencer_auto.pre.h           ; --            ; system_soc_hps_0_hps_io_border ; --         ;
; HPS_ISW_FILE                          ; ./qsys_prj/qsys_gen/synthesis/submodules/sequencer/sequencer_auto_ac_init.pre.c   ; --            ; system_soc_hps_0_hps_io_border ; --         ;
; HPS_ISW_FILE                          ; ./qsys_prj/qsys_gen/synthesis/submodules/sequencer/sequencer_auto_inst_init.pre.c ; --            ; system_soc_hps_0_hps_io_border ; --         ;
; HPS_ISW_FILE                          ; ./qsys_prj/qsys_gen/synthesis/submodules/sequencer/sequencer_defines.pre.h        ; --            ; system_soc_hps_0_hps_io_border ; --         ;
; HPS_ISW_FILE                          ; ./qsys_prj/qsys_gen/synthesis/submodules/sequencer/system.pre.h                   ; --            ; system_soc_hps_0_hps_io_border ; --         ;
; HPS_ISW_FILE                          ; ./qsys_prj/qsys_gen/synthesis/submodules/sequencer/tclrpt.pre.c                   ; --            ; system_soc_hps_0_hps_io_border ; --         ;
; HPS_ISW_FILE                          ; ./qsys_prj/qsys_gen/synthesis/submodules/sequencer/tclrpt.pre.h                   ; --            ; system_soc_hps_0_hps_io_border ; --         ;
; HPS_ISW_FILE                          ; ./qsys_prj/qsys_gen/synthesis/submodules/hps.pre.xml                              ; --            ; system_soc_hps_0_hps_io_border ; --         ;
; HPS_PARTITION                         ; On                                                                                ; --            ; system_soc_hps_0_hps_io_border ; --         ;
; MISC_FILE                             ; ./qsys_prj/qsys_gen/synthesis/../system_soc.cmp                                   ; --            ; --                             ; --         ;
; MISC_FILE                             ; ./qsys_prj/qsys_gen/synthesis/../../C                                             ; --            ; --                             ; --         ;
; MISC_FILE                             ; ./qsys_prj/qsys_gen/synthesis/system_soc_hps_0_hps.svd                            ; --            ; --                             ; --         ;
; MISC_FILE                             ; ./qsys_prj/qsys_gen/synthesis/../../system_soc.qsys                               ; --            ; --                             ; --         ;
; MISC_FILE                             ; ./qsys_prj/qsys_gen/synthesis/submodules/sequencer/alt_types.pre.h                ; --            ; --                             ; --         ;
; MISC_FILE                             ; ./qsys_prj/qsys_gen/synthesis/submodules/sequencer/emif.pre.xml                   ; --            ; --                             ; --         ;
; MISC_FILE                             ; ./qsys_prj/qsys_gen/synthesis/submodules/sequencer/sdram_io.pre.h                 ; --            ; --                             ; --         ;
; MISC_FILE                             ; ./qsys_prj/qsys_gen/synthesis/submodules/sequencer/sequencer.pre.c                ; --            ; --                             ; --         ;
; MISC_FILE                             ; ./qsys_prj/qsys_gen/synthesis/submodules/sequencer/sequencer.pre.h                ; --            ; --                             ; --         ;
; MISC_FILE                             ; ./qsys_prj/qsys_gen/synthesis/submodules/sequencer/sequencer_auto.pre.h           ; --            ; --                             ; --         ;
; MISC_FILE                             ; ./qsys_prj/qsys_gen/synthesis/submodules/sequencer/sequencer_auto_ac_init.pre.c   ; --            ; --                             ; --         ;
; MISC_FILE                             ; ./qsys_prj/qsys_gen/synthesis/submodules/sequencer/sequencer_auto_inst_init.pre.c ; --            ; --                             ; --         ;
; MISC_FILE                             ; ./qsys_prj/qsys_gen/synthesis/submodules/sequencer/sequencer_defines.pre.h        ; --            ; --                             ; --         ;
; MISC_FILE                             ; ./qsys_prj/qsys_gen/synthesis/submodules/sequencer/system.pre.h                   ; --            ; --                             ; --         ;
; MISC_FILE                             ; ./qsys_prj/qsys_gen/synthesis/submodules/sequencer/tclrpt.pre.c                   ; --            ; --                             ; --         ;
; MISC_FILE                             ; ./qsys_prj/qsys_gen/synthesis/submodules/sequencer/tclrpt.pre.h                   ; --            ; --                             ; --         ;
; MISC_FILE                             ; ./qsys_prj/qsys_gen/synthesis/submodules/hps.pre.xml                              ; --            ; --                             ; --         ;
; SLD_FILE                              ; ./qsys_prj/qsys_gen/synthesis/system_soc.regmap                                   ; --            ; --                             ; --         ;
; SLD_FILE                              ; ./qsys_prj/qsys_gen/synthesis/system_soc.debuginfo                                ; --            ; --                             ; --         ;
; SLD_INFO                              ; QSYS_NAME system_soc HAS_SOPCINFO 1 GENERATION_ID 1488916516                      ; --            ; system_soc                     ; --         ;
; SOPCINFO_FILE                         ; ./qsys_prj/qsys_gen/synthesis/../../system_soc.sopcinfo                           ; --            ; --                             ; --         ;
; SYNTHESIS_ONLY_QIP                    ; On                                                                                ; --            ; --                             ; --         ;
; TOP_LEVEL_ENTITY                      ; system_soc                                                                        ; system        ; --                             ; --         ;
; USE_DLL_FREQUENCY_FOR_DQS_DELAY_CHAIN ; On                                                                                ; Off           ; --                             ; --         ;
+---------------------------------------+-----------------------------------------------------------------------------------+---------------+--------------------------------+------------+


+-------------------------------------------------------------------------------------------------------------------------------+
; Flow Elapsed Time                                                                                                             ;
+---------------------------+--------------+-------------------------+---------------------+------------------------------------+
; Module Name               ; Elapsed Time ; Average Processors Used ; Peak Virtual Memory ; Total CPU Time (on all processors) ;
+---------------------------+--------------+-------------------------+---------------------+------------------------------------+
; Analysis & Synthesis      ; 00:00:16     ; 1.0                     ; 1108 MB             ; 00:00:27                           ;
; Fitter                    ; 00:01:00     ; 1.1                     ; 3235 MB             ; 00:01:15                           ;
; Assembler                 ; 00:00:09     ; 1.0                     ; 920 MB              ; 00:00:07                           ;
; TimeQuest Timing Analyzer ; 00:00:31     ; 1.0                     ; 1613 MB             ; 00:00:31                           ;
; Total                     ; 00:01:56     ; --                      ; --                  ; 00:02:20                           ;
+---------------------------+--------------+-------------------------+---------------------+------------------------------------+


+----------------------------------------------------------------------------------------+
; Flow OS Summary                                                                        ;
+---------------------------+------------------+-----------+------------+----------------+
; Module Name               ; Machine Hostname ; OS Name   ; OS Version ; Processor type ;
+---------------------------+------------------+-----------+------------+----------------+
; Analysis & Synthesis      ; bz-ece-cb60106   ; Windows 7 ; 6.1        ; x86_64         ;
; Fitter                    ; bz-ece-cb60106   ; Windows 7 ; 6.1        ; x86_64         ;
; Assembler                 ; bz-ece-cb60106   ; Windows 7 ; 6.1        ; x86_64         ;
; TimeQuest Timing Analyzer ; bz-ece-cb60106   ; Windows 7 ; 6.1        ; x86_64         ;
+---------------------------+------------------+-----------+------------+----------------+


------------
; Flow Log ;
------------
quartus_map --read_settings_files=on --write_settings_files=off system -c system
quartus_fit --read_settings_files=off --write_settings_files=off system -c system
quartus_asm --read_settings_files=off --write_settings_files=off system -c system
quartus_sta system -c system



