TimeQuest Timing Analyzer report for wrapper
Sun Feb 05 17:56:10 2017
Quartus Prime Version 16.0.0 Build 211 04/27/2016 SJ Standard Edition


---------------------
; Table of Contents ;
---------------------
  1. Legal Notice
  2. Legal Notice
  3. TimeQuest Timing Analyzer Summary
  4. Parallel Compilation
  5. SDC File List
  6. Clocks
  7. Slow 1100mV 85C Model Fmax Summary
  8. Timing Closure Recommendations
  9. Slow 1100mV 85C Model Setup Summary
 10. Slow 1100mV 85C Model Hold Summary
 11. Slow 1100mV 85C Model Recovery Summary
 12. Slow 1100mV 85C Model Removal Summary
 13. Slow 1100mV 85C Model Minimum Pulse Width Summary
 14. Slow 1100mV 85C Model Metastability Summary
 15. Slow 1100mV 0C Model Fmax Summary
 16. Slow 1100mV 0C Model Setup Summary
 17. Slow 1100mV 0C Model Hold Summary
 18. Slow 1100mV 0C Model Recovery Summary
 19. Slow 1100mV 0C Model Removal Summary
 20. Slow 1100mV 0C Model Minimum Pulse Width Summary
 21. Slow 1100mV 0C Model Metastability Summary
 22. Fast 1100mV 85C Model Setup Summary
 23. Fast 1100mV 85C Model Hold Summary
 24. Fast 1100mV 85C Model Recovery Summary
 25. Fast 1100mV 85C Model Removal Summary
 26. Fast 1100mV 85C Model Minimum Pulse Width Summary
 27. Fast 1100mV 85C Model Metastability Summary
 28. Fast 1100mV 0C Model Setup Summary
 29. Fast 1100mV 0C Model Hold Summary
 30. Fast 1100mV 0C Model Recovery Summary
 31. Fast 1100mV 0C Model Removal Summary
 32. Fast 1100mV 0C Model Minimum Pulse Width Summary
 33. Fast 1100mV 0C Model Metastability Summary
 34. Multicorner Timing Analysis Summary
 35. Board Trace Model Assignments
 36. Input Transition Times
 37. Signal Integrity Metrics (Slow 1100mv 0c Model)
 38. Signal Integrity Metrics (Slow 1100mv 85c Model)
 39. Signal Integrity Metrics (Fast 1100mv 0c Model)
 40. Signal Integrity Metrics (Fast 1100mv 85c Model)
 41. Setup Transfers
 42. Hold Transfers
 43. Report TCCS
 44. Report RSKM
 45. Unconstrained Paths Summary
 46. Clock Status Summary
 47. Unconstrained Input Ports
 48. Unconstrained Input Ports
 49. TimeQuest Timing Analyzer Messages



----------------
; Legal Notice ;
----------------
Copyright (C) 1991-2016 Altera Corporation. All rights reserved.
Your use of Altera Corporation's design tools, logic functions 
and other software and tools, and its AMPP partner logic 
functions, and any output files from any of the foregoing 
(including device programming or simulation files), and any 
associated documentation or information are expressly subject 
to the terms and conditions of the Altera Program License 
Subscription Agreement, the Altera Quartus Prime License Agreement,
the Altera MegaCore Function License Agreement, or other 
applicable license agreement, including, without limitation, 
that your use is for the sole purpose of programming logic 
devices manufactured by Altera and sold by Altera or its 
authorized distributors.  Please refer to the applicable 
agreement for further details.



----------------
; Legal Notice ;
----------------
Copyright (C) 1991-2016 Altera Corporation. All rights reserved.
Your use of Altera Corporation's design tools, logic functions 
and other software and tools, and its AMPP partner logic 
functions, and any output files from any of the foregoing 
(including device programming or simulation files), and any 
associated documentation or information are expressly subject 
to the terms and conditions of the Altera Program License 
Subscription Agreement, the Altera Quartus Prime License Agreement,
the Altera MegaCore Function License Agreement, or other 
applicable license agreement, including, without limitation, 
that your use is for the sole purpose of programming logic 
devices manufactured by Altera and sold by Altera or its 
authorized distributors.  Please refer to the applicable 
agreement for further details.



+---------------------------------------------------------------------------------+
; TimeQuest Timing Analyzer Summary                                               ;
+-----------------------+---------------------------------------------------------+
; Quartus Prime Version ; Version 16.0.0 Build 211 04/27/2016 SJ Standard Edition ;
; Timing Analyzer       ; TimeQuest                                               ;
; Revision Name         ; wrapper                                                 ;
; Device Family         ; Cyclone V                                               ;
; Device Name           ; 5CGXFC7C7F23C8                                          ;
; Timing Models         ; Final                                                   ;
; Delay Model           ; Combined                                                ;
; Rise/Fall Delays      ; Enabled                                                 ;
+-----------------------+---------------------------------------------------------+


+------------------------------------------+
; Parallel Compilation                     ;
+----------------------------+-------------+
; Processors                 ; Number      ;
+----------------------------+-------------+
; Number detected on machine ; 8           ;
; Maximum allowed            ; 4           ;
;                            ;             ;
; Average used               ; 1.08        ;
; Maximum used               ; 4           ;
;                            ;             ;
; Usage by Processor         ; % Time Used ;
;     Processor 1            ; 100.0%      ;
;     Processor 2            ;   2.6%      ;
;     Processor 3            ;   2.6%      ;
;     Processor 4            ;   2.5%      ;
+----------------------------+-------------+


+---------------------------------------------------+
; SDC File List                                     ;
+---------------+--------+--------------------------+
; SDC File Path ; Status ; Read at                  ;
+---------------+--------+--------------------------+
; wrapper.sdc   ; OK     ; Sun Feb 05 17:55:24 2017 ;
+---------------+--------+--------------------------+


+-----------------------------------------------------------------------------------------------------------------------------------------------------------------------------------+
; Clocks                                                                                                                                                                            ;
+------------+------+--------+-----------+-------+--------+------------+-----------+-------------+-------+--------+-----------+------------+----------+--------+--------+-----------+
; Clock Name ; Type ; Period ; Frequency ; Rise  ; Fall   ; Duty Cycle ; Divide by ; Multiply by ; Phase ; Offset ; Edge List ; Edge Shift ; Inverted ; Master ; Source ; Targets   ;
+------------+------+--------+-----------+-------+--------+------------+-----------+-------------+-------+--------+-----------+------------+----------+--------+--------+-----------+
; Clock      ; Base ; 20.000 ; 50.0 MHz  ; 0.000 ; 10.000 ;            ;           ;             ;       ;        ;           ;            ;          ;        ;        ; { Clock } ;
+------------+------+--------+-----------+-------+--------+------------+-----------+-------------+-------+--------+-----------+------------+----------+--------+--------+-----------+


+-------------------------------------------------+
; Slow 1100mV 85C Model Fmax Summary              ;
+-----------+-----------------+------------+------+
; Fmax      ; Restricted Fmax ; Clock Name ; Note ;
+-----------+-----------------+------------+------+
; 50.05 MHz ; 50.05 MHz       ; Clock      ;      ;
+-----------+-----------------+------------+------+
This panel reports FMAX for every clock in the design, regardless of the user-specified clock periods.  FMAX is only computed for paths where the source and destination registers or ports are driven by the same clock.  Paths of different clocks, including generated clocks, are ignored.  For paths between a clock and its inversion, FMAX is computed as if the rising and falling edges are scaled along with FMAX, such that the duty cycle (in terms of a percentage) is maintained. Altera recommends that you always use clock constraints and other slack reports for sign-off analysis.


----------------------------------
; Timing Closure Recommendations ;
----------------------------------
HTML report is unavailable in plain text report export.


+-------------------------------------+
; Slow 1100mV 85C Model Setup Summary ;
+-------+-------+---------------------+
; Clock ; Slack ; End Point TNS       ;
+-------+-------+---------------------+
; Clock ; 0.019 ; 0.000               ;
+-------+-------+---------------------+


+------------------------------------+
; Slow 1100mV 85C Model Hold Summary ;
+-------+-------+--------------------+
; Clock ; Slack ; End Point TNS      ;
+-------+-------+--------------------+
; Clock ; 0.076 ; 0.000              ;
+-------+-------+--------------------+


------------------------------------------
; Slow 1100mV 85C Model Recovery Summary ;
------------------------------------------
No paths to report.


-----------------------------------------
; Slow 1100mV 85C Model Removal Summary ;
-----------------------------------------
No paths to report.


+---------------------------------------------------+
; Slow 1100mV 85C Model Minimum Pulse Width Summary ;
+-------+-------+-----------------------------------+
; Clock ; Slack ; End Point TNS                     ;
+-------+-------+-----------------------------------+
; Clock ; 9.189 ; 0.000                             ;
+-------+-------+-----------------------------------+


-----------------------------------------------
; Slow 1100mV 85C Model Metastability Summary ;
-----------------------------------------------
No synchronizer chains to report.


+-------------------------------------------------+
; Slow 1100mV 0C Model Fmax Summary               ;
+-----------+-----------------+------------+------+
; Fmax      ; Restricted Fmax ; Clock Name ; Note ;
+-----------+-----------------+------------+------+
; 50.63 MHz ; 50.63 MHz       ; Clock      ;      ;
+-----------+-----------------+------------+------+
This panel reports FMAX for every clock in the design, regardless of the user-specified clock periods.  FMAX is only computed for paths where the source and destination registers or ports are driven by the same clock.  Paths of different clocks, including generated clocks, are ignored.  For paths between a clock and its inversion, FMAX is computed as if the rising and falling edges are scaled along with FMAX, such that the duty cycle (in terms of a percentage) is maintained. Altera recommends that you always use clock constraints and other slack reports for sign-off analysis.


+------------------------------------+
; Slow 1100mV 0C Model Setup Summary ;
+-------+-------+--------------------+
; Clock ; Slack ; End Point TNS      ;
+-------+-------+--------------------+
; Clock ; 0.247 ; 0.000              ;
+-------+-------+--------------------+


+-----------------------------------+
; Slow 1100mV 0C Model Hold Summary ;
+-------+-------+-------------------+
; Clock ; Slack ; End Point TNS     ;
+-------+-------+-------------------+
; Clock ; 2.830 ; 0.000             ;
+-------+-------+-------------------+


-----------------------------------------
; Slow 1100mV 0C Model Recovery Summary ;
-----------------------------------------
No paths to report.


----------------------------------------
; Slow 1100mV 0C Model Removal Summary ;
----------------------------------------
No paths to report.


+--------------------------------------------------+
; Slow 1100mV 0C Model Minimum Pulse Width Summary ;
+-------+-------+----------------------------------+
; Clock ; Slack ; End Point TNS                    ;
+-------+-------+----------------------------------+
; Clock ; 9.261 ; 0.000                            ;
+-------+-------+----------------------------------+


----------------------------------------------
; Slow 1100mV 0C Model Metastability Summary ;
----------------------------------------------
No synchronizer chains to report.


+-------------------------------------+
; Fast 1100mV 85C Model Setup Summary ;
+-------+-------+---------------------+
; Clock ; Slack ; End Point TNS       ;
+-------+-------+---------------------+
; Clock ; 9.928 ; 0.000               ;
+-------+-------+---------------------+


+------------------------------------+
; Fast 1100mV 85C Model Hold Summary ;
+-------+-------+--------------------+
; Clock ; Slack ; End Point TNS      ;
+-------+-------+--------------------+
; Clock ; 2.543 ; 0.000              ;
+-------+-------+--------------------+


------------------------------------------
; Fast 1100mV 85C Model Recovery Summary ;
------------------------------------------
No paths to report.


-----------------------------------------
; Fast 1100mV 85C Model Removal Summary ;
-----------------------------------------
No paths to report.


+---------------------------------------------------+
; Fast 1100mV 85C Model Minimum Pulse Width Summary ;
+-------+-------+-----------------------------------+
; Clock ; Slack ; End Point TNS                     ;
+-------+-------+-----------------------------------+
; Clock ; 9.227 ; 0.000                             ;
+-------+-------+-----------------------------------+


-----------------------------------------------
; Fast 1100mV 85C Model Metastability Summary ;
-----------------------------------------------
No synchronizer chains to report.


+------------------------------------+
; Fast 1100mV 0C Model Setup Summary ;
+-------+--------+-------------------+
; Clock ; Slack  ; End Point TNS     ;
+-------+--------+-------------------+
; Clock ; 11.685 ; 0.000             ;
+-------+--------+-------------------+


+-----------------------------------+
; Fast 1100mV 0C Model Hold Summary ;
+-------+-------+-------------------+
; Clock ; Slack ; End Point TNS     ;
+-------+-------+-------------------+
; Clock ; 0.624 ; 0.000             ;
+-------+-------+-------------------+


-----------------------------------------
; Fast 1100mV 0C Model Recovery Summary ;
-----------------------------------------
No paths to report.


----------------------------------------
; Fast 1100mV 0C Model Removal Summary ;
----------------------------------------
No paths to report.


+--------------------------------------------------+
; Fast 1100mV 0C Model Minimum Pulse Width Summary ;
+-------+-------+----------------------------------+
; Clock ; Slack ; End Point TNS                    ;
+-------+-------+----------------------------------+
; Clock ; 9.239 ; 0.000                            ;
+-------+-------+----------------------------------+


----------------------------------------------
; Fast 1100mV 0C Model Metastability Summary ;
----------------------------------------------
No synchronizer chains to report.


+-----------------------------------------------------------------------------+
; Multicorner Timing Analysis Summary                                         ;
+------------------+-------+-------+----------+---------+---------------------+
; Clock            ; Setup ; Hold  ; Recovery ; Removal ; Minimum Pulse Width ;
+------------------+-------+-------+----------+---------+---------------------+
; Worst-case Slack ; 0.019 ; 0.076 ; N/A      ; N/A     ; 9.189               ;
;  Clock           ; 0.019 ; 0.076 ; N/A      ; N/A     ; 9.189               ;
; Design-wide TNS  ; 0.0   ; 0.0   ; 0.0      ; 0.0     ; 0.0                 ;
;  Clock           ; 0.000 ; 0.000 ; N/A      ; N/A     ; 0.000               ;
+------------------+-------+-------+----------+---------+---------------------+


+-------------------------------------------------------------------------------------------------------------------------------------------------------------------------------------------------------------------------------------------------------------------------------------------------------------------------------------------------------------------------------------------------------------+
; Board Trace Model Assignments                                                                                                                                                                                                                                                                                                                                                                               ;
+----------+--------------+-------------------+-------------------------+-------------------------+---------------+---------------------+----------------+------------------+--------+------------------+------------------------+------------------------+--------------+---------------+-----------------+-------+---------------------+--------------------+---------------+-----------------+-------------+
; Pin      ; I/O Standard ; Near Tline Length ; Near Tline L per Length ; Near Tline C per Length ; Near Series R ; Near Differential R ; Near Pull-up R ; Near Pull-down R ; Near C ; Far Tline Length ; Far Tline L per Length ; Far Tline C per Length ; Far Series R ; Far Pull-up R ; Far Pull-down R ; Far C ; Termination Voltage ; Far Differential R ; EBD File Name ; EBD Signal Name ; EBD Far-end ;
+----------+--------------+-------------------+-------------------------+-------------------------+---------------+---------------------+----------------+------------------+--------+------------------+------------------------+------------------------+--------------+---------------+-----------------+-------+---------------------+--------------------+---------------+-----------------+-------------+
; Sum[0]   ; 2.5 V        ; 0 in              ; 0 H/in                  ; 0 F/in                  ; short         ; -                   ; open           ; open             ; open   ; 0 in             ; 0 H/in                 ; 0 F/in                 ; short        ; open          ; open            ; open  ; 0 V                 ; -                  ; n/a           ; n/a             ; n/a         ;
; Sum[1]   ; 2.5 V        ; 0 in              ; 0 H/in                  ; 0 F/in                  ; short         ; -                   ; open           ; open             ; open   ; 0 in             ; 0 H/in                 ; 0 F/in                 ; short        ; open          ; open            ; open  ; 0 V                 ; -                  ; n/a           ; n/a             ; n/a         ;
; Sum[2]   ; 2.5 V        ; 0 in              ; 0 H/in                  ; 0 F/in                  ; short         ; -                   ; open           ; open             ; open   ; 0 in             ; 0 H/in                 ; 0 F/in                 ; short        ; open          ; open            ; open  ; 0 V                 ; -                  ; n/a           ; n/a             ; n/a         ;
; Sum[3]   ; 2.5 V        ; 0 in              ; 0 H/in                  ; 0 F/in                  ; short         ; -                   ; open           ; open             ; open   ; 0 in             ; 0 H/in                 ; 0 F/in                 ; short        ; open          ; open            ; open  ; 0 V                 ; -                  ; n/a           ; n/a             ; n/a         ;
; Sum[4]   ; 2.5 V        ; 0 in              ; 0 H/in                  ; 0 F/in                  ; short         ; -                   ; open           ; open             ; open   ; 0 in             ; 0 H/in                 ; 0 F/in                 ; short        ; open          ; open            ; open  ; 0 V                 ; -                  ; n/a           ; n/a             ; n/a         ;
; Sum[5]   ; 2.5 V        ; 0 in              ; 0 H/in                  ; 0 F/in                  ; short         ; -                   ; open           ; open             ; open   ; 0 in             ; 0 H/in                 ; 0 F/in                 ; short        ; open          ; open            ; open  ; 0 V                 ; -                  ; n/a           ; n/a             ; n/a         ;
; Sum[6]   ; 2.5 V        ; 0 in              ; 0 H/in                  ; 0 F/in                  ; short         ; -                   ; open           ; open             ; open   ; 0 in             ; 0 H/in                 ; 0 F/in                 ; short        ; open          ; open            ; open  ; 0 V                 ; -                  ; n/a           ; n/a             ; n/a         ;
; Sum[7]   ; 2.5 V        ; 0 in              ; 0 H/in                  ; 0 F/in                  ; short         ; -                   ; open           ; open             ; open   ; 0 in             ; 0 H/in                 ; 0 F/in                 ; short        ; open          ; open            ; open  ; 0 V                 ; -                  ; n/a           ; n/a             ; n/a         ;
; Carryout ; 2.5 V        ; 0 in              ; 0 H/in                  ; 0 F/in                  ; short         ; -                   ; open           ; open             ; open   ; 0 in             ; 0 H/in                 ; 0 F/in                 ; short        ; open          ; open            ; open  ; 0 V                 ; -                  ; n/a           ; n/a             ; n/a         ;
+----------+--------------+-------------------+-------------------------+-------------------------+---------------+---------------------+----------------+------------------+--------+------------------+------------------------+------------------------+--------------+---------------+-----------------+-------+---------------------+--------------------+---------------+-----------------+-------------+


+-------------------------------------------------------------+
; Input Transition Times                                      ;
+----------+--------------+-----------------+-----------------+
; Pin      ; I/O Standard ; 10-90 Rise Time ; 90-10 Fall Time ;
+----------+--------------+-----------------+-----------------+
; Y[0]     ; 2.5 V        ; 2000 ps         ; 2000 ps         ;
; Clock    ; 2.5 V        ; 2000 ps         ; 2000 ps         ;
; X[0]     ; 2.5 V        ; 2000 ps         ; 2000 ps         ;
; X[1]     ; 2.5 V        ; 2000 ps         ; 2000 ps         ;
; Subtract ; 2.5 V        ; 2000 ps         ; 2000 ps         ;
; Y[1]     ; 2.5 V        ; 2000 ps         ; 2000 ps         ;
; X[2]     ; 2.5 V        ; 2000 ps         ; 2000 ps         ;
; Y[2]     ; 2.5 V        ; 2000 ps         ; 2000 ps         ;
; X[3]     ; 2.5 V        ; 2000 ps         ; 2000 ps         ;
; Y[3]     ; 2.5 V        ; 2000 ps         ; 2000 ps         ;
; X[4]     ; 2.5 V        ; 2000 ps         ; 2000 ps         ;
; Y[4]     ; 2.5 V        ; 2000 ps         ; 2000 ps         ;
; X[5]     ; 2.5 V        ; 2000 ps         ; 2000 ps         ;
; Y[5]     ; 2.5 V        ; 2000 ps         ; 2000 ps         ;
; X[6]     ; 2.5 V        ; 2000 ps         ; 2000 ps         ;
; Y[6]     ; 2.5 V        ; 2000 ps         ; 2000 ps         ;
; X[7]     ; 2.5 V        ; 2000 ps         ; 2000 ps         ;
; Y[7]     ; 2.5 V        ; 2000 ps         ; 2000 ps         ;
+----------+--------------+-----------------+-----------------+


+---------------------------------------------------------------------------------------------------------------------------------------------------------------------------------------------------------------------------------------------------------------------------------------------------------------------------------------------------------------------------------------------------------------------------------------------------------------------------------------------------------------------------------------------------------------------------------------------------------------------------------------------------------------------------------------+
; Signal Integrity Metrics (Slow 1100mv 0c Model)                                                                                                                                                                                                                                                                                                                                                                                                                                                                                                                                                                                                                                       ;
+----------+--------------+---------------------+---------------------+------------------------------+------------------------------+---------------------+---------------------+--------------------------------------+--------------------------------------+-----------------------------+-----------------------------+----------------------------+----------------------------+-----------------------------+-----------------------------+--------------------+--------------------+-------------------------------------+-------------------------------------+----------------------------+----------------------------+---------------------------+---------------------------+
; Pin      ; I/O Standard ; Board Delay on Rise ; Board Delay on Fall ; Steady State Voh at FPGA Pin ; Steady State Vol at FPGA Pin ; Voh Max at FPGA Pin ; Vol Min at FPGA Pin ; Ringback Voltage on Rise at FPGA Pin ; Ringback Voltage on Fall at FPGA Pin ; 10-90 Rise Time at FPGA Pin ; 90-10 Fall Time at FPGA Pin ; Monotonic Rise at FPGA Pin ; Monotonic Fall at FPGA Pin ; Steady State Voh at Far-end ; Steady State Vol at Far-end ; Voh Max at Far-end ; Vol Min at Far-end ; Ringback Voltage on Rise at Far-end ; Ringback Voltage on Fall at Far-end ; 10-90 Rise Time at Far-end ; 90-10 Fall Time at Far-end ; Monotonic Rise at Far-end ; Monotonic Fall at Far-end ;
+----------+--------------+---------------------+---------------------+------------------------------+------------------------------+---------------------+---------------------+--------------------------------------+--------------------------------------+-----------------------------+-----------------------------+----------------------------+----------------------------+-----------------------------+-----------------------------+--------------------+--------------------+-------------------------------------+-------------------------------------+----------------------------+----------------------------+---------------------------+---------------------------+
; Sum[0]   ; 2.5 V        ; 0 s                 ; 0 s                 ; 2.32 V                       ; 6.72e-08 V                   ; 2.4 V               ; -0.0409 V           ; 0.192 V                              ; 0.125 V                              ; 4.59e-10 s                  ; 4.54e-10 s                  ; No                         ; Yes                        ; 2.32 V                      ; 6.72e-08 V                  ; 2.4 V              ; -0.0409 V          ; 0.192 V                             ; 0.125 V                             ; 4.59e-10 s                 ; 4.54e-10 s                 ; No                        ; Yes                       ;
; Sum[1]   ; 2.5 V        ; 0 s                 ; 0 s                 ; 2.32 V                       ; 6.72e-08 V                   ; 2.4 V               ; -0.041 V            ; 0.19 V                               ; 0.126 V                              ; 4.59e-10 s                  ; 4.54e-10 s                  ; No                         ; Yes                        ; 2.32 V                      ; 6.72e-08 V                  ; 2.4 V              ; -0.041 V           ; 0.19 V                              ; 0.126 V                             ; 4.59e-10 s                 ; 4.54e-10 s                 ; No                        ; Yes                       ;
; Sum[2]   ; 2.5 V        ; 0 s                 ; 0 s                 ; 2.32 V                       ; 6.72e-08 V                   ; 2.4 V               ; -0.041 V            ; 0.19 V                               ; 0.126 V                              ; 4.59e-10 s                  ; 4.54e-10 s                  ; No                         ; Yes                        ; 2.32 V                      ; 6.72e-08 V                  ; 2.4 V              ; -0.041 V           ; 0.19 V                              ; 0.126 V                             ; 4.59e-10 s                 ; 4.54e-10 s                 ; No                        ; Yes                       ;
; Sum[3]   ; 2.5 V        ; 0 s                 ; 0 s                 ; 2.32 V                       ; 6.72e-08 V                   ; 2.4 V               ; -0.0409 V           ; 0.192 V                              ; 0.125 V                              ; 4.59e-10 s                  ; 4.54e-10 s                  ; No                         ; Yes                        ; 2.32 V                      ; 6.72e-08 V                  ; 2.4 V              ; -0.0409 V          ; 0.192 V                             ; 0.125 V                             ; 4.59e-10 s                 ; 4.54e-10 s                 ; No                        ; Yes                       ;
; Sum[4]   ; 2.5 V        ; 0 s                 ; 0 s                 ; 2.32 V                       ; 6.72e-08 V                   ; 2.4 V               ; -0.041 V            ; 0.19 V                               ; 0.126 V                              ; 4.59e-10 s                  ; 4.54e-10 s                  ; No                         ; Yes                        ; 2.32 V                      ; 6.72e-08 V                  ; 2.4 V              ; -0.041 V           ; 0.19 V                              ; 0.126 V                             ; 4.59e-10 s                 ; 4.54e-10 s                 ; No                        ; Yes                       ;
; Sum[5]   ; 2.5 V        ; 0 s                 ; 0 s                 ; 2.32 V                       ; 6.72e-08 V                   ; 2.4 V               ; -0.0409 V           ; 0.192 V                              ; 0.125 V                              ; 4.59e-10 s                  ; 4.54e-10 s                  ; No                         ; Yes                        ; 2.32 V                      ; 6.72e-08 V                  ; 2.4 V              ; -0.0409 V          ; 0.192 V                             ; 0.125 V                             ; 4.59e-10 s                 ; 4.54e-10 s                 ; No                        ; Yes                       ;
; Sum[6]   ; 2.5 V        ; 0 s                 ; 0 s                 ; 2.32 V                       ; 6.72e-08 V                   ; 2.4 V               ; -0.041 V            ; 0.19 V                               ; 0.126 V                              ; 4.59e-10 s                  ; 4.54e-10 s                  ; No                         ; Yes                        ; 2.32 V                      ; 6.72e-08 V                  ; 2.4 V              ; -0.041 V           ; 0.19 V                              ; 0.126 V                             ; 4.59e-10 s                 ; 4.54e-10 s                 ; No                        ; Yes                       ;
; Sum[7]   ; 2.5 V        ; 0 s                 ; 0 s                 ; 2.32 V                       ; 6.72e-08 V                   ; 2.4 V               ; -0.0409 V           ; 0.192 V                              ; 0.125 V                              ; 4.59e-10 s                  ; 4.54e-10 s                  ; No                         ; Yes                        ; 2.32 V                      ; 6.72e-08 V                  ; 2.4 V              ; -0.0409 V          ; 0.192 V                             ; 0.125 V                             ; 4.59e-10 s                 ; 4.54e-10 s                 ; No                        ; Yes                       ;
; Carryout ; 2.5 V        ; 0 s                 ; 0 s                 ; 2.32 V                       ; 6.72e-08 V                   ; 2.4 V               ; -0.041 V            ; 0.19 V                               ; 0.126 V                              ; 4.59e-10 s                  ; 4.54e-10 s                  ; No                         ; Yes                        ; 2.32 V                      ; 6.72e-08 V                  ; 2.4 V              ; -0.041 V           ; 0.19 V                              ; 0.126 V                             ; 4.59e-10 s                 ; 4.54e-10 s                 ; No                        ; Yes                       ;
+----------+--------------+---------------------+---------------------+------------------------------+------------------------------+---------------------+---------------------+--------------------------------------+--------------------------------------+-----------------------------+-----------------------------+----------------------------+----------------------------+-----------------------------+-----------------------------+--------------------+--------------------+-------------------------------------+-------------------------------------+----------------------------+----------------------------+---------------------------+---------------------------+


+---------------------------------------------------------------------------------------------------------------------------------------------------------------------------------------------------------------------------------------------------------------------------------------------------------------------------------------------------------------------------------------------------------------------------------------------------------------------------------------------------------------------------------------------------------------------------------------------------------------------------------------------------------------------------------------+
; Signal Integrity Metrics (Slow 1100mv 85c Model)                                                                                                                                                                                                                                                                                                                                                                                                                                                                                                                                                                                                                                      ;
+----------+--------------+---------------------+---------------------+------------------------------+------------------------------+---------------------+---------------------+--------------------------------------+--------------------------------------+-----------------------------+-----------------------------+----------------------------+----------------------------+-----------------------------+-----------------------------+--------------------+--------------------+-------------------------------------+-------------------------------------+----------------------------+----------------------------+---------------------------+---------------------------+
; Pin      ; I/O Standard ; Board Delay on Rise ; Board Delay on Fall ; Steady State Voh at FPGA Pin ; Steady State Vol at FPGA Pin ; Voh Max at FPGA Pin ; Vol Min at FPGA Pin ; Ringback Voltage on Rise at FPGA Pin ; Ringback Voltage on Fall at FPGA Pin ; 10-90 Rise Time at FPGA Pin ; 90-10 Fall Time at FPGA Pin ; Monotonic Rise at FPGA Pin ; Monotonic Fall at FPGA Pin ; Steady State Voh at Far-end ; Steady State Vol at Far-end ; Voh Max at Far-end ; Vol Min at Far-end ; Ringback Voltage on Rise at Far-end ; Ringback Voltage on Fall at Far-end ; 10-90 Rise Time at Far-end ; 90-10 Fall Time at Far-end ; Monotonic Rise at Far-end ; Monotonic Fall at Far-end ;
+----------+--------------+---------------------+---------------------+------------------------------+------------------------------+---------------------+---------------------+--------------------------------------+--------------------------------------+-----------------------------+-----------------------------+----------------------------+----------------------------+-----------------------------+-----------------------------+--------------------+--------------------+-------------------------------------+-------------------------------------+----------------------------+----------------------------+---------------------------+---------------------------+
; Sum[0]   ; 2.5 V        ; 0 s                 ; 0 s                 ; 2.32 V                       ; 1.04e-05 V                   ; 2.38 V              ; -0.027 V            ; 0.226 V                              ; 0.08 V                               ; 4.84e-10 s                  ; 5.18e-10 s                  ; No                         ; Yes                        ; 2.32 V                      ; 1.04e-05 V                  ; 2.38 V             ; -0.027 V           ; 0.226 V                             ; 0.08 V                              ; 4.84e-10 s                 ; 5.18e-10 s                 ; No                        ; Yes                       ;
; Sum[1]   ; 2.5 V        ; 0 s                 ; 0 s                 ; 2.32 V                       ; 1.04e-05 V                   ; 2.38 V              ; -0.0273 V           ; 0.226 V                              ; 0.08 V                               ; 4.84e-10 s                  ; 5.19e-10 s                  ; No                         ; Yes                        ; 2.32 V                      ; 1.04e-05 V                  ; 2.38 V             ; -0.0273 V          ; 0.226 V                             ; 0.08 V                              ; 4.84e-10 s                 ; 5.19e-10 s                 ; No                        ; Yes                       ;
; Sum[2]   ; 2.5 V        ; 0 s                 ; 0 s                 ; 2.32 V                       ; 1.04e-05 V                   ; 2.38 V              ; -0.0273 V           ; 0.226 V                              ; 0.08 V                               ; 4.84e-10 s                  ; 5.19e-10 s                  ; No                         ; Yes                        ; 2.32 V                      ; 1.04e-05 V                  ; 2.38 V             ; -0.0273 V          ; 0.226 V                             ; 0.08 V                              ; 4.84e-10 s                 ; 5.19e-10 s                 ; No                        ; Yes                       ;
; Sum[3]   ; 2.5 V        ; 0 s                 ; 0 s                 ; 2.32 V                       ; 1.04e-05 V                   ; 2.38 V              ; -0.027 V            ; 0.226 V                              ; 0.08 V                               ; 4.84e-10 s                  ; 5.18e-10 s                  ; No                         ; Yes                        ; 2.32 V                      ; 1.04e-05 V                  ; 2.38 V             ; -0.027 V           ; 0.226 V                             ; 0.08 V                              ; 4.84e-10 s                 ; 5.18e-10 s                 ; No                        ; Yes                       ;
; Sum[4]   ; 2.5 V        ; 0 s                 ; 0 s                 ; 2.32 V                       ; 1.04e-05 V                   ; 2.38 V              ; -0.0273 V           ; 0.226 V                              ; 0.08 V                               ; 4.84e-10 s                  ; 5.19e-10 s                  ; No                         ; Yes                        ; 2.32 V                      ; 1.04e-05 V                  ; 2.38 V             ; -0.0273 V          ; 0.226 V                             ; 0.08 V                              ; 4.84e-10 s                 ; 5.19e-10 s                 ; No                        ; Yes                       ;
; Sum[5]   ; 2.5 V        ; 0 s                 ; 0 s                 ; 2.32 V                       ; 1.04e-05 V                   ; 2.38 V              ; -0.027 V            ; 0.226 V                              ; 0.08 V                               ; 4.84e-10 s                  ; 5.18e-10 s                  ; No                         ; Yes                        ; 2.32 V                      ; 1.04e-05 V                  ; 2.38 V             ; -0.027 V           ; 0.226 V                             ; 0.08 V                              ; 4.84e-10 s                 ; 5.18e-10 s                 ; No                        ; Yes                       ;
; Sum[6]   ; 2.5 V        ; 0 s                 ; 0 s                 ; 2.32 V                       ; 1.04e-05 V                   ; 2.38 V              ; -0.0273 V           ; 0.226 V                              ; 0.08 V                               ; 4.84e-10 s                  ; 5.19e-10 s                  ; No                         ; Yes                        ; 2.32 V                      ; 1.04e-05 V                  ; 2.38 V             ; -0.0273 V          ; 0.226 V                             ; 0.08 V                              ; 4.84e-10 s                 ; 5.19e-10 s                 ; No                        ; Yes                       ;
; Sum[7]   ; 2.5 V        ; 0 s                 ; 0 s                 ; 2.32 V                       ; 1.04e-05 V                   ; 2.38 V              ; -0.027 V            ; 0.226 V                              ; 0.08 V                               ; 4.84e-10 s                  ; 5.18e-10 s                  ; No                         ; Yes                        ; 2.32 V                      ; 1.04e-05 V                  ; 2.38 V             ; -0.027 V           ; 0.226 V                             ; 0.08 V                              ; 4.84e-10 s                 ; 5.18e-10 s                 ; No                        ; Yes                       ;
; Carryout ; 2.5 V        ; 0 s                 ; 0 s                 ; 2.32 V                       ; 1.04e-05 V                   ; 2.38 V              ; -0.0273 V           ; 0.226 V                              ; 0.08 V                               ; 4.84e-10 s                  ; 5.19e-10 s                  ; No                         ; Yes                        ; 2.32 V                      ; 1.04e-05 V                  ; 2.38 V             ; -0.0273 V          ; 0.226 V                             ; 0.08 V                              ; 4.84e-10 s                 ; 5.19e-10 s                 ; No                        ; Yes                       ;
+----------+--------------+---------------------+---------------------+------------------------------+------------------------------+---------------------+---------------------+--------------------------------------+--------------------------------------+-----------------------------+-----------------------------+----------------------------+----------------------------+-----------------------------+-----------------------------+--------------------+--------------------+-------------------------------------+-------------------------------------+----------------------------+----------------------------+---------------------------+---------------------------+


+---------------------------------------------------------------------------------------------------------------------------------------------------------------------------------------------------------------------------------------------------------------------------------------------------------------------------------------------------------------------------------------------------------------------------------------------------------------------------------------------------------------------------------------------------------------------------------------------------------------------------------------------------------------------------------------+
; Signal Integrity Metrics (Fast 1100mv 0c Model)                                                                                                                                                                                                                                                                                                                                                                                                                                                                                                                                                                                                                                       ;
+----------+--------------+---------------------+---------------------+------------------------------+------------------------------+---------------------+---------------------+--------------------------------------+--------------------------------------+-----------------------------+-----------------------------+----------------------------+----------------------------+-----------------------------+-----------------------------+--------------------+--------------------+-------------------------------------+-------------------------------------+----------------------------+----------------------------+---------------------------+---------------------------+
; Pin      ; I/O Standard ; Board Delay on Rise ; Board Delay on Fall ; Steady State Voh at FPGA Pin ; Steady State Vol at FPGA Pin ; Voh Max at FPGA Pin ; Vol Min at FPGA Pin ; Ringback Voltage on Rise at FPGA Pin ; Ringback Voltage on Fall at FPGA Pin ; 10-90 Rise Time at FPGA Pin ; 90-10 Fall Time at FPGA Pin ; Monotonic Rise at FPGA Pin ; Monotonic Fall at FPGA Pin ; Steady State Voh at Far-end ; Steady State Vol at Far-end ; Voh Max at Far-end ; Vol Min at Far-end ; Ringback Voltage on Rise at Far-end ; Ringback Voltage on Fall at Far-end ; 10-90 Rise Time at Far-end ; 90-10 Fall Time at Far-end ; Monotonic Rise at Far-end ; Monotonic Fall at Far-end ;
+----------+--------------+---------------------+---------------------+------------------------------+------------------------------+---------------------+---------------------+--------------------------------------+--------------------------------------+-----------------------------+-----------------------------+----------------------------+----------------------------+-----------------------------+-----------------------------+--------------------+--------------------+-------------------------------------+-------------------------------------+----------------------------+----------------------------+---------------------------+---------------------------+
; Sum[0]   ; 2.5 V        ; 0 s                 ; 0 s                 ; 2.75 V                       ; 4.14e-06 V                   ; 2.91 V              ; -0.121 V            ; 0.326 V                              ; 0.297 V                              ; 2.74e-10 s                  ; 2.8e-10 s                   ; No                         ; No                         ; 2.75 V                      ; 4.14e-06 V                  ; 2.91 V             ; -0.121 V           ; 0.326 V                             ; 0.297 V                             ; 2.74e-10 s                 ; 2.8e-10 s                  ; No                        ; No                        ;
; Sum[1]   ; 2.5 V        ; 0 s                 ; 0 s                 ; 2.75 V                       ; 4.14e-06 V                   ; 2.91 V              ; -0.119 V            ; 0.326 V                              ; 0.298 V                              ; 2.74e-10 s                  ; 2.8e-10 s                   ; No                         ; No                         ; 2.75 V                      ; 4.14e-06 V                  ; 2.91 V             ; -0.119 V           ; 0.326 V                             ; 0.298 V                             ; 2.74e-10 s                 ; 2.8e-10 s                  ; No                        ; No                        ;
; Sum[2]   ; 2.5 V        ; 0 s                 ; 0 s                 ; 2.75 V                       ; 4.14e-06 V                   ; 2.91 V              ; -0.119 V            ; 0.326 V                              ; 0.298 V                              ; 2.74e-10 s                  ; 2.8e-10 s                   ; No                         ; No                         ; 2.75 V                      ; 4.14e-06 V                  ; 2.91 V             ; -0.119 V           ; 0.326 V                             ; 0.298 V                             ; 2.74e-10 s                 ; 2.8e-10 s                  ; No                        ; No                        ;
; Sum[3]   ; 2.5 V        ; 0 s                 ; 0 s                 ; 2.75 V                       ; 4.14e-06 V                   ; 2.91 V              ; -0.121 V            ; 0.326 V                              ; 0.297 V                              ; 2.74e-10 s                  ; 2.8e-10 s                   ; No                         ; No                         ; 2.75 V                      ; 4.14e-06 V                  ; 2.91 V             ; -0.121 V           ; 0.326 V                             ; 0.297 V                             ; 2.74e-10 s                 ; 2.8e-10 s                  ; No                        ; No                        ;
; Sum[4]   ; 2.5 V        ; 0 s                 ; 0 s                 ; 2.75 V                       ; 4.14e-06 V                   ; 2.91 V              ; -0.119 V            ; 0.326 V                              ; 0.298 V                              ; 2.74e-10 s                  ; 2.8e-10 s                   ; No                         ; No                         ; 2.75 V                      ; 4.14e-06 V                  ; 2.91 V             ; -0.119 V           ; 0.326 V                             ; 0.298 V                             ; 2.74e-10 s                 ; 2.8e-10 s                  ; No                        ; No                        ;
; Sum[5]   ; 2.5 V        ; 0 s                 ; 0 s                 ; 2.75 V                       ; 4.14e-06 V                   ; 2.91 V              ; -0.121 V            ; 0.326 V                              ; 0.297 V                              ; 2.74e-10 s                  ; 2.8e-10 s                   ; No                         ; No                         ; 2.75 V                      ; 4.14e-06 V                  ; 2.91 V             ; -0.121 V           ; 0.326 V                             ; 0.297 V                             ; 2.74e-10 s                 ; 2.8e-10 s                  ; No                        ; No                        ;
; Sum[6]   ; 2.5 V        ; 0 s                 ; 0 s                 ; 2.75 V                       ; 4.14e-06 V                   ; 2.91 V              ; -0.119 V            ; 0.326 V                              ; 0.298 V                              ; 2.74e-10 s                  ; 2.8e-10 s                   ; No                         ; No                         ; 2.75 V                      ; 4.14e-06 V                  ; 2.91 V             ; -0.119 V           ; 0.326 V                             ; 0.298 V                             ; 2.74e-10 s                 ; 2.8e-10 s                  ; No                        ; No                        ;
; Sum[7]   ; 2.5 V        ; 0 s                 ; 0 s                 ; 2.75 V                       ; 4.14e-06 V                   ; 2.91 V              ; -0.121 V            ; 0.326 V                              ; 0.297 V                              ; 2.74e-10 s                  ; 2.8e-10 s                   ; No                         ; No                         ; 2.75 V                      ; 4.14e-06 V                  ; 2.91 V             ; -0.121 V           ; 0.326 V                             ; 0.297 V                             ; 2.74e-10 s                 ; 2.8e-10 s                  ; No                        ; No                        ;
; Carryout ; 2.5 V        ; 0 s                 ; 0 s                 ; 2.75 V                       ; 4.14e-06 V                   ; 2.91 V              ; -0.119 V            ; 0.326 V                              ; 0.298 V                              ; 2.74e-10 s                  ; 2.8e-10 s                   ; No                         ; No                         ; 2.75 V                      ; 4.14e-06 V                  ; 2.91 V             ; -0.119 V           ; 0.326 V                             ; 0.298 V                             ; 2.74e-10 s                 ; 2.8e-10 s                  ; No                        ; No                        ;
+----------+--------------+---------------------+---------------------+------------------------------+------------------------------+---------------------+---------------------+--------------------------------------+--------------------------------------+-----------------------------+-----------------------------+----------------------------+----------------------------+-----------------------------+-----------------------------+--------------------+--------------------+-------------------------------------+-------------------------------------+----------------------------+----------------------------+---------------------------+---------------------------+


+---------------------------------------------------------------------------------------------------------------------------------------------------------------------------------------------------------------------------------------------------------------------------------------------------------------------------------------------------------------------------------------------------------------------------------------------------------------------------------------------------------------------------------------------------------------------------------------------------------------------------------------------------------------------------------------+
; Signal Integrity Metrics (Fast 1100mv 85c Model)                                                                                                                                                                                                                                                                                                                                                                                                                                                                                                                                                                                                                                      ;
+----------+--------------+---------------------+---------------------+------------------------------+------------------------------+---------------------+---------------------+--------------------------------------+--------------------------------------+-----------------------------+-----------------------------+----------------------------+----------------------------+-----------------------------+-----------------------------+--------------------+--------------------+-------------------------------------+-------------------------------------+----------------------------+----------------------------+---------------------------+---------------------------+
; Pin      ; I/O Standard ; Board Delay on Rise ; Board Delay on Fall ; Steady State Voh at FPGA Pin ; Steady State Vol at FPGA Pin ; Voh Max at FPGA Pin ; Vol Min at FPGA Pin ; Ringback Voltage on Rise at FPGA Pin ; Ringback Voltage on Fall at FPGA Pin ; 10-90 Rise Time at FPGA Pin ; 90-10 Fall Time at FPGA Pin ; Monotonic Rise at FPGA Pin ; Monotonic Fall at FPGA Pin ; Steady State Voh at Far-end ; Steady State Vol at Far-end ; Voh Max at Far-end ; Vol Min at Far-end ; Ringback Voltage on Rise at Far-end ; Ringback Voltage on Fall at Far-end ; 10-90 Rise Time at Far-end ; 90-10 Fall Time at Far-end ; Monotonic Rise at Far-end ; Monotonic Fall at Far-end ;
+----------+--------------+---------------------+---------------------+------------------------------+------------------------------+---------------------+---------------------+--------------------------------------+--------------------------------------+-----------------------------+-----------------------------+----------------------------+----------------------------+-----------------------------+-----------------------------+--------------------+--------------------+-------------------------------------+-------------------------------------+----------------------------+----------------------------+---------------------------+---------------------------+
; Sum[0]   ; 2.5 V        ; 0 s                 ; 0 s                 ; 2.75 V                       ; 0.000242 V                   ; 2.86 V              ; -0.0814 V           ; 0.36 V                               ; 0.156 V                              ; 3e-10 s                     ; 4.34e-10 s                  ; No                         ; No                         ; 2.75 V                      ; 0.000242 V                  ; 2.86 V             ; -0.0814 V          ; 0.36 V                              ; 0.156 V                             ; 3e-10 s                    ; 4.34e-10 s                 ; No                        ; No                        ;
; Sum[1]   ; 2.5 V        ; 0 s                 ; 0 s                 ; 2.75 V                       ; 0.000242 V                   ; 2.86 V              ; -0.0805 V           ; 0.358 V                              ; 0.156 V                              ; 3.01e-10 s                  ; 4.34e-10 s                  ; No                         ; No                         ; 2.75 V                      ; 0.000242 V                  ; 2.86 V             ; -0.0805 V          ; 0.358 V                             ; 0.156 V                             ; 3.01e-10 s                 ; 4.34e-10 s                 ; No                        ; No                        ;
; Sum[2]   ; 2.5 V        ; 0 s                 ; 0 s                 ; 2.75 V                       ; 0.000242 V                   ; 2.86 V              ; -0.0805 V           ; 0.358 V                              ; 0.156 V                              ; 3.01e-10 s                  ; 4.34e-10 s                  ; No                         ; No                         ; 2.75 V                      ; 0.000242 V                  ; 2.86 V             ; -0.0805 V          ; 0.358 V                             ; 0.156 V                             ; 3.01e-10 s                 ; 4.34e-10 s                 ; No                        ; No                        ;
; Sum[3]   ; 2.5 V        ; 0 s                 ; 0 s                 ; 2.75 V                       ; 0.000242 V                   ; 2.86 V              ; -0.0814 V           ; 0.36 V                               ; 0.156 V                              ; 3e-10 s                     ; 4.34e-10 s                  ; No                         ; No                         ; 2.75 V                      ; 0.000242 V                  ; 2.86 V             ; -0.0814 V          ; 0.36 V                              ; 0.156 V                             ; 3e-10 s                    ; 4.34e-10 s                 ; No                        ; No                        ;
; Sum[4]   ; 2.5 V        ; 0 s                 ; 0 s                 ; 2.75 V                       ; 0.000242 V                   ; 2.86 V              ; -0.0805 V           ; 0.358 V                              ; 0.156 V                              ; 3.01e-10 s                  ; 4.34e-10 s                  ; No                         ; No                         ; 2.75 V                      ; 0.000242 V                  ; 2.86 V             ; -0.0805 V          ; 0.358 V                             ; 0.156 V                             ; 3.01e-10 s                 ; 4.34e-10 s                 ; No                        ; No                        ;
; Sum[5]   ; 2.5 V        ; 0 s                 ; 0 s                 ; 2.75 V                       ; 0.000242 V                   ; 2.86 V              ; -0.0814 V           ; 0.36 V                               ; 0.156 V                              ; 3e-10 s                     ; 4.34e-10 s                  ; No                         ; No                         ; 2.75 V                      ; 0.000242 V                  ; 2.86 V             ; -0.0814 V          ; 0.36 V                              ; 0.156 V                             ; 3e-10 s                    ; 4.34e-10 s                 ; No                        ; No                        ;
; Sum[6]   ; 2.5 V        ; 0 s                 ; 0 s                 ; 2.75 V                       ; 0.000242 V                   ; 2.86 V              ; -0.0805 V           ; 0.358 V                              ; 0.156 V                              ; 3.01e-10 s                  ; 4.34e-10 s                  ; No                         ; No                         ; 2.75 V                      ; 0.000242 V                  ; 2.86 V             ; -0.0805 V          ; 0.358 V                             ; 0.156 V                             ; 3.01e-10 s                 ; 4.34e-10 s                 ; No                        ; No                        ;
; Sum[7]   ; 2.5 V        ; 0 s                 ; 0 s                 ; 2.75 V                       ; 0.000242 V                   ; 2.86 V              ; -0.0814 V           ; 0.36 V                               ; 0.156 V                              ; 3e-10 s                     ; 4.34e-10 s                  ; No                         ; No                         ; 2.75 V                      ; 0.000242 V                  ; 2.86 V             ; -0.0814 V          ; 0.36 V                              ; 0.156 V                             ; 3e-10 s                    ; 4.34e-10 s                 ; No                        ; No                        ;
; Carryout ; 2.5 V        ; 0 s                 ; 0 s                 ; 2.75 V                       ; 0.000242 V                   ; 2.86 V              ; -0.0805 V           ; 0.358 V                              ; 0.156 V                              ; 3.01e-10 s                  ; 4.34e-10 s                  ; No                         ; No                         ; 2.75 V                      ; 0.000242 V                  ; 2.86 V             ; -0.0805 V          ; 0.358 V                             ; 0.156 V                             ; 3.01e-10 s                 ; 4.34e-10 s                 ; No                        ; No                        ;
+----------+--------------+---------------------+---------------------+------------------------------+------------------------------+---------------------+---------------------+--------------------------------------+--------------------------------------+-----------------------------+-----------------------------+----------------------------+----------------------------+-----------------------------+-----------------------------+--------------------+--------------------+-------------------------------------+-------------------------------------+----------------------------+----------------------------+---------------------------+---------------------------+


+-------------------------------------------------------------------+
; Setup Transfers                                                   ;
+------------+----------+----------+----------+----------+----------+
; From Clock ; To Clock ; RR Paths ; FR Paths ; RF Paths ; FF Paths ;
+------------+----------+----------+----------+----------+----------+
; Clock      ; Clock    ; 138      ; 0        ; 0        ; 0        ;
+------------+----------+----------+----------+----------+----------+
Entries labeled "false path" only account for clock-to-clock false paths and not path-based false paths. As a result, actual path counts may be lower than reported.


+-------------------------------------------------------------------+
; Hold Transfers                                                    ;
+------------+----------+----------+----------+----------+----------+
; From Clock ; To Clock ; RR Paths ; FR Paths ; RF Paths ; FF Paths ;
+------------+----------+----------+----------+----------+----------+
; Clock      ; Clock    ; 138      ; 0        ; 0        ; 0        ;
+------------+----------+----------+----------+----------+----------+
Entries labeled "false path" only account for clock-to-clock false paths and not path-based false paths. As a result, actual path counts may be lower than reported.


---------------
; Report TCCS ;
---------------
No dedicated SERDES Transmitter circuitry present in device or used in design


---------------
; Report RSKM ;
---------------
No non-DPA dedicated SERDES Receiver circuitry present in device or used in design


+------------------------------------------------+
; Unconstrained Paths Summary                    ;
+---------------------------------+-------+------+
; Property                        ; Setup ; Hold ;
+---------------------------------+-------+------+
; Illegal Clocks                  ; 0     ; 0    ;
; Unconstrained Clocks            ; 0     ; 0    ;
; Unconstrained Input Ports       ; 1     ; 1    ;
; Unconstrained Input Port Paths  ; 1     ; 1    ;
; Unconstrained Output Ports      ; 0     ; 0    ;
; Unconstrained Output Port Paths ; 0     ; 0    ;
+---------------------------------+-------+------+


+-------------------------------------+
; Clock Status Summary                ;
+--------+-------+------+-------------+
; Target ; Clock ; Type ; Status      ;
+--------+-------+------+-------------+
; Clock  ; Clock ; Base ; Constrained ;
+--------+-------+------+-------------+


+---------------------------------------------------------------------------------------------------+
; Unconstrained Input Ports                                                                         ;
+------------+--------------------------------------------------------------------------------------+
; Input Port ; Comment                                                                              ;
+------------+--------------------------------------------------------------------------------------+
; Subtract   ; No input delay, min/max delays, false-path exceptions, or max skew assignments found ;
+------------+--------------------------------------------------------------------------------------+


+---------------------------------------------------------------------------------------------------+
; Unconstrained Input Ports                                                                         ;
+------------+--------------------------------------------------------------------------------------+
; Input Port ; Comment                                                                              ;
+------------+--------------------------------------------------------------------------------------+
; Subtract   ; No input delay, min/max delays, false-path exceptions, or max skew assignments found ;
+------------+--------------------------------------------------------------------------------------+


+------------------------------------+
; TimeQuest Timing Analyzer Messages ;
+------------------------------------+
Info: *******************************************************************
Info: Running Quartus Prime TimeQuest Timing Analyzer
    Info: Version 16.0.0 Build 211 04/27/2016 SJ Standard Edition
    Info: Processing started: Sun Feb 05 17:55:23 2017
Info: Command: quartus_sta wrapper -c wrapper
Info: qsta_default_script.tcl version: #1
Warning (18236): Number of processors has not been specified which may cause overloading on shared machines.  Set the global assignment NUM_PARALLEL_PROCESSORS in your QSF to an appropriate value for best performance.
Info (20030): Parallel compilation is enabled and will use 4 of the 4 processors detected
Info (21076): High junction temperature operating condition is not set. Assuming a default value of '85'.
Info (21076): Low junction temperature operating condition is not set. Assuming a default value of '0'.
Info (332104): Reading SDC File: 'wrapper.sdc'
Info (332151): Clock uncertainty is not calculated until you update the timing netlist.
Warning (332174): Ignored filter at wrapper.sdc(67): Subtract[0] could not be matched with a port File: C:/Users/d57w762/Desktop/EELE466-master/EELE466-master/lab_2/wrapper.sdc Line: 67
Warning (332174): Ignored filter at wrapper.sdc(67): Subtract[1] could not be matched with a port File: C:/Users/d57w762/Desktop/EELE466-master/EELE466-master/lab_2/wrapper.sdc Line: 67
Warning (332054): Assignment set_input_delay is accepted but has some problems at wrapper.sdc(67): Positional argument <targets> with value [get_ports {X[0] X[1] X[2] X[3] X[4] X[5] X[6] X[7] Y[0] Y[1] Y[2] Y[3] Y[4] Y[5] Y[6] Y[7] Clock Sum[0] Sum[1] Sum[2] Sum[3] Sum[4] Sum[5] Sum[6] Sum[7] Subtract[0] Subtract[1] Carryout}]: Port Sum[0] is not an input port. File: C:/Users/d57w762/Desktop/EELE466-master/EELE466-master/lab_2/wrapper.sdc Line: 67
    Info (332050): set_input_delay -clock { Clock } 0 [get_ports {X[0] X[1] X[2] X[3] X[4] X[5] X[6] X[7] Y[0] Y[1] Y[2] Y[3] Y[4] Y[5] Y[6] Y[7] Clock Sum[0] Sum[1] Sum[2] Sum[3] Sum[4] Sum[5] Sum[6] Sum[7] Subtract[0] Subtract[1] Carryout}] File: C:/Users/d57w762/Desktop/EELE466-master/EELE466-master/lab_2/wrapper.sdc Line: 67
Warning (332054): Assignment set_input_delay is accepted but has some problems at wrapper.sdc(67): Positional argument <targets> with value [get_ports {X[0] X[1] X[2] X[3] X[4] X[5] X[6] X[7] Y[0] Y[1] Y[2] Y[3] Y[4] Y[5] Y[6] Y[7] Clock Sum[0] Sum[1] Sum[2] Sum[3] Sum[4] Sum[5] Sum[6] Sum[7] Subtract[0] Subtract[1] Carryout}]: Port Sum[1] is not an input port. File: C:/Users/d57w762/Desktop/EELE466-master/EELE466-master/lab_2/wrapper.sdc Line: 67
Warning (332054): Assignment set_input_delay is accepted but has some problems at wrapper.sdc(67): Positional argument <targets> with value [get_ports {X[0] X[1] X[2] X[3] X[4] X[5] X[6] X[7] Y[0] Y[1] Y[2] Y[3] Y[4] Y[5] Y[6] Y[7] Clock Sum[0] Sum[1] Sum[2] Sum[3] Sum[4] Sum[5] Sum[6] Sum[7] Subtract[0] Subtract[1] Carryout}]: Port Sum[2] is not an input port. File: C:/Users/d57w762/Desktop/EELE466-master/EELE466-master/lab_2/wrapper.sdc Line: 67
Warning (332054): Assignment set_input_delay is accepted but has some problems at wrapper.sdc(67): Positional argument <targets> with value [get_ports {X[0] X[1] X[2] X[3] X[4] X[5] X[6] X[7] Y[0] Y[1] Y[2] Y[3] Y[4] Y[5] Y[6] Y[7] Clock Sum[0] Sum[1] Sum[2] Sum[3] Sum[4] Sum[5] Sum[6] Sum[7] Subtract[0] Subtract[1] Carryout}]: Port Sum[3] is not an input port. File: C:/Users/d57w762/Desktop/EELE466-master/EELE466-master/lab_2/wrapper.sdc Line: 67
Warning (332054): Assignment set_input_delay is accepted but has some problems at wrapper.sdc(67): Positional argument <targets> with value [get_ports {X[0] X[1] X[2] X[3] X[4] X[5] X[6] X[7] Y[0] Y[1] Y[2] Y[3] Y[4] Y[5] Y[6] Y[7] Clock Sum[0] Sum[1] Sum[2] Sum[3] Sum[4] Sum[5] Sum[6] Sum[7] Subtract[0] Subtract[1] Carryout}]: Port Sum[4] is not an input port. File: C:/Users/d57w762/Desktop/EELE466-master/EELE466-master/lab_2/wrapper.sdc Line: 67
Warning (332054): Assignment set_input_delay is accepted but has some problems at wrapper.sdc(67): Positional argument <targets> with value [get_ports {X[0] X[1] X[2] X[3] X[4] X[5] X[6] X[7] Y[0] Y[1] Y[2] Y[3] Y[4] Y[5] Y[6] Y[7] Clock Sum[0] Sum[1] Sum[2] Sum[3] Sum[4] Sum[5] Sum[6] Sum[7] Subtract[0] Subtract[1] Carryout}]: Port Sum[5] is not an input port. File: C:/Users/d57w762/Desktop/EELE466-master/EELE466-master/lab_2/wrapper.sdc Line: 67
Warning (332054): Assignment set_input_delay is accepted but has some problems at wrapper.sdc(67): Positional argument <targets> with value [get_ports {X[0] X[1] X[2] X[3] X[4] X[5] X[6] X[7] Y[0] Y[1] Y[2] Y[3] Y[4] Y[5] Y[6] Y[7] Clock Sum[0] Sum[1] Sum[2] Sum[3] Sum[4] Sum[5] Sum[6] Sum[7] Subtract[0] Subtract[1] Carryout}]: Port Sum[6] is not an input port. File: C:/Users/d57w762/Desktop/EELE466-master/EELE466-master/lab_2/wrapper.sdc Line: 67
Warning (332054): Assignment set_input_delay is accepted but has some problems at wrapper.sdc(67): Positional argument <targets> with value [get_ports {X[0] X[1] X[2] X[3] X[4] X[5] X[6] X[7] Y[0] Y[1] Y[2] Y[3] Y[4] Y[5] Y[6] Y[7] Clock Sum[0] Sum[1] Sum[2] Sum[3] Sum[4] Sum[5] Sum[6] Sum[7] Subtract[0] Subtract[1] Carryout}]: Port Sum[7] is not an input port. File: C:/Users/d57w762/Desktop/EELE466-master/EELE466-master/lab_2/wrapper.sdc Line: 67
Warning (332054): Assignment set_input_delay is accepted but has some problems at wrapper.sdc(67): Positional argument <targets> with value [get_ports {X[0] X[1] X[2] X[3] X[4] X[5] X[6] X[7] Y[0] Y[1] Y[2] Y[3] Y[4] Y[5] Y[6] Y[7] Clock Sum[0] Sum[1] Sum[2] Sum[3] Sum[4] Sum[5] Sum[6] Sum[7] Subtract[0] Subtract[1] Carryout}]: Port Carryout is not an input port. File: C:/Users/d57w762/Desktop/EELE466-master/EELE466-master/lab_2/wrapper.sdc Line: 67
Warning (332054): Assignment set_output_delay is accepted but has some problems at wrapper.sdc(73): Positional argument <targets> with value [get_ports {X[0] X[1] X[2] X[3] X[4] X[5] X[6] X[7] Y[0] Y[1] Y[2] Y[3] Y[4] Y[5] Y[6] Y[7] Clock Sum[0] Sum[1] Sum[2] Sum[3] Sum[4] Sum[5] Sum[6] Sum[7] Subtract[0] Subtract[1] Carryout}]: Port Clock is not an output port. File: C:/Users/d57w762/Desktop/EELE466-master/EELE466-master/lab_2/wrapper.sdc Line: 73
    Info (332050): set_output_delay -clock { Clock } 0 [get_ports {X[0] X[1] X[2] X[3] X[4] X[5] X[6] X[7] Y[0] Y[1] Y[2] Y[3] Y[4] Y[5] Y[6] Y[7] Clock Sum[0] Sum[1] Sum[2] Sum[3] Sum[4] Sum[5] Sum[6] Sum[7] Subtract[0] Subtract[1] Carryout}] File: C:/Users/d57w762/Desktop/EELE466-master/EELE466-master/lab_2/wrapper.sdc Line: 73
Warning (332054): Assignment set_output_delay is accepted but has some problems at wrapper.sdc(73): Positional argument <targets> with value [get_ports {X[0] X[1] X[2] X[3] X[4] X[5] X[6] X[7] Y[0] Y[1] Y[2] Y[3] Y[4] Y[5] Y[6] Y[7] Clock Sum[0] Sum[1] Sum[2] Sum[3] Sum[4] Sum[5] Sum[6] Sum[7] Subtract[0] Subtract[1] Carryout}]: Port Y[0] is not an output port. File: C:/Users/d57w762/Desktop/EELE466-master/EELE466-master/lab_2/wrapper.sdc Line: 73
Warning (332054): Assignment set_output_delay is accepted but has some problems at wrapper.sdc(73): Positional argument <targets> with value [get_ports {X[0] X[1] X[2] X[3] X[4] X[5] X[6] X[7] Y[0] Y[1] Y[2] Y[3] Y[4] Y[5] Y[6] Y[7] Clock Sum[0] Sum[1] Sum[2] Sum[3] Sum[4] Sum[5] Sum[6] Sum[7] Subtract[0] Subtract[1] Carryout}]: Port X[0] is not an output port. File: C:/Users/d57w762/Desktop/EELE466-master/EELE466-master/lab_2/wrapper.sdc Line: 73
Warning (332054): Assignment set_output_delay is accepted but has some problems at wrapper.sdc(73): Positional argument <targets> with value [get_ports {X[0] X[1] X[2] X[3] X[4] X[5] X[6] X[7] Y[0] Y[1] Y[2] Y[3] Y[4] Y[5] Y[6] Y[7] Clock Sum[0] Sum[1] Sum[2] Sum[3] Sum[4] Sum[5] Sum[6] Sum[7] Subtract[0] Subtract[1] Carryout}]: Port X[1] is not an output port. File: C:/Users/d57w762/Desktop/EELE466-master/EELE466-master/lab_2/wrapper.sdc Line: 73
Warning (332054): Assignment set_output_delay is accepted but has some problems at wrapper.sdc(73): Positional argument <targets> with value [get_ports {X[0] X[1] X[2] X[3] X[4] X[5] X[6] X[7] Y[0] Y[1] Y[2] Y[3] Y[4] Y[5] Y[6] Y[7] Clock Sum[0] Sum[1] Sum[2] Sum[3] Sum[4] Sum[5] Sum[6] Sum[7] Subtract[0] Subtract[1] Carryout}]: Port Y[1] is not an output port. File: C:/Users/d57w762/Desktop/EELE466-master/EELE466-master/lab_2/wrapper.sdc Line: 73
Warning (332054): Assignment set_output_delay is accepted but has some problems at wrapper.sdc(73): Positional argument <targets> with value [get_ports {X[0] X[1] X[2] X[3] X[4] X[5] X[6] X[7] Y[0] Y[1] Y[2] Y[3] Y[4] Y[5] Y[6] Y[7] Clock Sum[0] Sum[1] Sum[2] Sum[3] Sum[4] Sum[5] Sum[6] Sum[7] Subtract[0] Subtract[1] Carryout}]: Port X[2] is not an output port. File: C:/Users/d57w762/Desktop/EELE466-master/EELE466-master/lab_2/wrapper.sdc Line: 73
Warning (332054): Assignment set_output_delay is accepted but has some problems at wrapper.sdc(73): Positional argument <targets> with value [get_ports {X[0] X[1] X[2] X[3] X[4] X[5] X[6] X[7] Y[0] Y[1] Y[2] Y[3] Y[4] Y[5] Y[6] Y[7] Clock Sum[0] Sum[1] Sum[2] Sum[3] Sum[4] Sum[5] Sum[6] Sum[7] Subtract[0] Subtract[1] Carryout}]: Port Y[2] is not an output port. File: C:/Users/d57w762/Desktop/EELE466-master/EELE466-master/lab_2/wrapper.sdc Line: 73
Warning (332054): Assignment set_output_delay is accepted but has some problems at wrapper.sdc(73): Positional argument <targets> with value [get_ports {X[0] X[1] X[2] X[3] X[4] X[5] X[6] X[7] Y[0] Y[1] Y[2] Y[3] Y[4] Y[5] Y[6] Y[7] Clock Sum[0] Sum[1] Sum[2] Sum[3] Sum[4] Sum[5] Sum[6] Sum[7] Subtract[0] Subtract[1] Carryout}]: Port X[3] is not an output port. File: C:/Users/d57w762/Desktop/EELE466-master/EELE466-master/lab_2/wrapper.sdc Line: 73
Warning (332054): Assignment set_output_delay is accepted but has some problems at wrapper.sdc(73): Positional argument <targets> with value [get_ports {X[0] X[1] X[2] X[3] X[4] X[5] X[6] X[7] Y[0] Y[1] Y[2] Y[3] Y[4] Y[5] Y[6] Y[7] Clock Sum[0] Sum[1] Sum[2] Sum[3] Sum[4] Sum[5] Sum[6] Sum[7] Subtract[0] Subtract[1] Carryout}]: Port Y[3] is not an output port. File: C:/Users/d57w762/Desktop/EELE466-master/EELE466-master/lab_2/wrapper.sdc Line: 73
Warning (332054): Assignment set_output_delay is accepted but has some problems at wrapper.sdc(73): Positional argument <targets> with value [get_ports {X[0] X[1] X[2] X[3] X[4] X[5] X[6] X[7] Y[0] Y[1] Y[2] Y[3] Y[4] Y[5] Y[6] Y[7] Clock Sum[0] Sum[1] Sum[2] Sum[3] Sum[4] Sum[5] Sum[6] Sum[7] Subtract[0] Subtract[1] Carryout}]: Port X[4] is not an output port. File: C:/Users/d57w762/Desktop/EELE466-master/EELE466-master/lab_2/wrapper.sdc Line: 73
Warning (332054): Assignment set_output_delay is accepted but has some problems at wrapper.sdc(73): Positional argument <targets> with value [get_ports {X[0] X[1] X[2] X[3] X[4] X[5] X[6] X[7] Y[0] Y[1] Y[2] Y[3] Y[4] Y[5] Y[6] Y[7] Clock Sum[0] Sum[1] Sum[2] Sum[3] Sum[4] Sum[5] Sum[6] Sum[7] Subtract[0] Subtract[1] Carryout}]: Port Y[4] is not an output port. File: C:/Users/d57w762/Desktop/EELE466-master/EELE466-master/lab_2/wrapper.sdc Line: 73
Warning (332054): Assignment set_output_delay is accepted but has some problems at wrapper.sdc(73): Positional argument <targets> with value [get_ports {X[0] X[1] X[2] X[3] X[4] X[5] X[6] X[7] Y[0] Y[1] Y[2] Y[3] Y[4] Y[5] Y[6] Y[7] Clock Sum[0] Sum[1] Sum[2] Sum[3] Sum[4] Sum[5] Sum[6] Sum[7] Subtract[0] Subtract[1] Carryout}]: Port X[5] is not an output port. File: C:/Users/d57w762/Desktop/EELE466-master/EELE466-master/lab_2/wrapper.sdc Line: 73
Warning (332054): Assignment set_output_delay is accepted but has some problems at wrapper.sdc(73): Positional argument <targets> with value [get_ports {X[0] X[1] X[2] X[3] X[4] X[5] X[6] X[7] Y[0] Y[1] Y[2] Y[3] Y[4] Y[5] Y[6] Y[7] Clock Sum[0] Sum[1] Sum[2] Sum[3] Sum[4] Sum[5] Sum[6] Sum[7] Subtract[0] Subtract[1] Carryout}]: Port Y[5] is not an output port. File: C:/Users/d57w762/Desktop/EELE466-master/EELE466-master/lab_2/wrapper.sdc Line: 73
Warning (332054): Assignment set_output_delay is accepted but has some problems at wrapper.sdc(73): Positional argument <targets> with value [get_ports {X[0] X[1] X[2] X[3] X[4] X[5] X[6] X[7] Y[0] Y[1] Y[2] Y[3] Y[4] Y[5] Y[6] Y[7] Clock Sum[0] Sum[1] Sum[2] Sum[3] Sum[4] Sum[5] Sum[6] Sum[7] Subtract[0] Subtract[1] Carryout}]: Port X[6] is not an output port. File: C:/Users/d57w762/Desktop/EELE466-master/EELE466-master/lab_2/wrapper.sdc Line: 73
Warning (332054): Assignment set_output_delay is accepted but has some problems at wrapper.sdc(73): Positional argument <targets> with value [get_ports {X[0] X[1] X[2] X[3] X[4] X[5] X[6] X[7] Y[0] Y[1] Y[2] Y[3] Y[4] Y[5] Y[6] Y[7] Clock Sum[0] Sum[1] Sum[2] Sum[3] Sum[4] Sum[5] Sum[6] Sum[7] Subtract[0] Subtract[1] Carryout}]: Port Y[6] is not an output port. File: C:/Users/d57w762/Desktop/EELE466-master/EELE466-master/lab_2/wrapper.sdc Line: 73
Warning (332054): Assignment set_output_delay is accepted but has some problems at wrapper.sdc(73): Positional argument <targets> with value [get_ports {X[0] X[1] X[2] X[3] X[4] X[5] X[6] X[7] Y[0] Y[1] Y[2] Y[3] Y[4] Y[5] Y[6] Y[7] Clock Sum[0] Sum[1] Sum[2] Sum[3] Sum[4] Sum[5] Sum[6] Sum[7] Subtract[0] Subtract[1] Carryout}]: Port X[7] is not an output port. File: C:/Users/d57w762/Desktop/EELE466-master/EELE466-master/lab_2/wrapper.sdc Line: 73
Warning (332054): Assignment set_output_delay is accepted but has some problems at wrapper.sdc(73): Positional argument <targets> with value [get_ports {X[0] X[1] X[2] X[3] X[4] X[5] X[6] X[7] Y[0] Y[1] Y[2] Y[3] Y[4] Y[5] Y[6] Y[7] Clock Sum[0] Sum[1] Sum[2] Sum[3] Sum[4] Sum[5] Sum[6] Sum[7] Subtract[0] Subtract[1] Carryout}]: Port Y[7] is not an output port. File: C:/Users/d57w762/Desktop/EELE466-master/EELE466-master/lab_2/wrapper.sdc Line: 73
Info (332123): Deriving Clock Uncertainty. Please refer to report_sdc in TimeQuest to see clock uncertainties.
Info: Found TIMEQUEST_REPORT_SCRIPT_INCLUDE_DEFAULT_ANALYSIS = ON
Info: Analyzing Slow 1100mV 85C Model
Info (332146): Worst-case setup slack is 0.019
    Info (332119):     Slack       End Point TNS Clock 
    Info (332119): ========= =================== =====================
    Info (332119):     0.019               0.000 Clock 
Info (332146): Worst-case hold slack is 0.076
    Info (332119):     Slack       End Point TNS Clock 
    Info (332119): ========= =================== =====================
    Info (332119):     0.076               0.000 Clock 
Info (332140): No Recovery paths to report
Info (332140): No Removal paths to report
Info (332146): Worst-case minimum pulse width slack is 9.189
    Info (332119):     Slack       End Point TNS Clock 
    Info (332119): ========= =================== =====================
    Info (332119):     9.189               0.000 Clock 
Info: Analyzing Slow 1100mV 0C Model
Info (334003): Started post-fitting delay annotation
Info (334004): Delay annotation completed successfully
Info (332123): Deriving Clock Uncertainty. Please refer to report_sdc in TimeQuest to see clock uncertainties.
Info (332146): Worst-case setup slack is 0.247
    Info (332119):     Slack       End Point TNS Clock 
    Info (332119): ========= =================== =====================
    Info (332119):     0.247               0.000 Clock 
Info (332146): Worst-case hold slack is 2.830
    Info (332119):     Slack       End Point TNS Clock 
    Info (332119): ========= =================== =====================
    Info (332119):     2.830               0.000 Clock 
Info (332140): No Recovery paths to report
Info (332140): No Removal paths to report
Info (332146): Worst-case minimum pulse width slack is 9.261
    Info (332119):     Slack       End Point TNS Clock 
    Info (332119): ========= =================== =====================
    Info (332119):     9.261               0.000 Clock 
Info: Analyzing Fast 1100mV 85C Model
Info (334003): Started post-fitting delay annotation
Info (334004): Delay annotation completed successfully
Info (332123): Deriving Clock Uncertainty. Please refer to report_sdc in TimeQuest to see clock uncertainties.
Info (332146): Worst-case setup slack is 9.928
    Info (332119):     Slack       End Point TNS Clock 
    Info (332119): ========= =================== =====================
    Info (332119):     9.928               0.000 Clock 
Info (332146): Worst-case hold slack is 2.543
    Info (332119):     Slack       End Point TNS Clock 
    Info (332119): ========= =================== =====================
    Info (332119):     2.543               0.000 Clock 
Info (332140): No Recovery paths to report
Info (332140): No Removal paths to report
Info (332146): Worst-case minimum pulse width slack is 9.227
    Info (332119):     Slack       End Point TNS Clock 
    Info (332119): ========= =================== =====================
    Info (332119):     9.227               0.000 Clock 
Info: Analyzing Fast 1100mV 0C Model
Info (332123): Deriving Clock Uncertainty. Please refer to report_sdc in TimeQuest to see clock uncertainties.
Info (332146): Worst-case setup slack is 11.685
    Info (332119):     Slack       End Point TNS Clock 
    Info (332119): ========= =================== =====================
    Info (332119):    11.685               0.000 Clock 
Info (332146): Worst-case hold slack is 0.624
    Info (332119):     Slack       End Point TNS Clock 
    Info (332119): ========= =================== =====================
    Info (332119):     0.624               0.000 Clock 
Info (332140): No Recovery paths to report
Info (332140): No Removal paths to report
Info (332146): Worst-case minimum pulse width slack is 9.239
    Info (332119):     Slack       End Point TNS Clock 
    Info (332119): ========= =================== =====================
    Info (332119):     9.239               0.000 Clock 
Info (332102): Design is not fully constrained for setup requirements
Info (332102): Design is not fully constrained for hold requirements
Info: Quartus Prime TimeQuest Timing Analyzer was successful. 0 errors, 29 warnings
    Info: Peak virtual memory: 1216 megabytes
    Info: Processing ended: Sun Feb 05 17:55:27 2017
    Info: Elapsed time: 00:00:04
    Info: Total CPU time (on all processors): 00:00:05


