Analysis & Synthesis report for rsr
Tue Feb 28 13:55:23 2017
Quartus Prime Version 16.0.0 Build 211 04/27/2016 SJ Standard Edition


---------------------
; Table of Contents ;
---------------------
  1. Legal Notice
  2. Analysis & Synthesis Summary
  3. Analysis & Synthesis Settings
  4. Parallel Compilation
  5. Analysis & Synthesis Source Files Read
  6. Analysis & Synthesis Resource Usage Summary
  7. Analysis & Synthesis Resource Utilization by Entity
  8. Analysis & Synthesis RAM Summary
  9. Analysis & Synthesis DSP Block Usage Summary
 10. Analysis & Synthesis IP Cores Summary
 11. User-Specified and Inferred Latches
 12. General Register Statistics
 13. Multiplexer Restructuring Statistics (Restructuring Performed)
 14. Source assignments for guess:A1|ROM1:romlookup|altsyncram:altsyncram_component|altsyncram_rk24:auto_generated
 15. Parameter Settings for User Entity Instance: guess:A1|ROM1:romlookup|altsyncram:altsyncram_component
 16. altsyncram Parameter Settings by Entity Instance
 17. Port Connectivity Checks: "iterations:A2|Newtons_method:\Gen_latch:3:Finalloop:A3"
 18. Port Connectivity Checks: "iterations:A2|Newtons_method:\Gen_latch:0:Firstloop:A0"
 19. Post-Synthesis Netlist Statistics for Top Partition
 20. Elapsed Time Per Partition
 21. Analysis & Synthesis Messages



----------------
; Legal Notice ;
----------------
Copyright (C) 1991-2016 Altera Corporation. All rights reserved.
Your use of Altera Corporation's design tools, logic functions 
and other software and tools, and its AMPP partner logic 
functions, and any output files from any of the foregoing 
(including device programming or simulation files), and any 
associated documentation or information are expressly subject 
to the terms and conditions of the Altera Program License 
Subscription Agreement, the Altera Quartus Prime License Agreement,
the Altera MegaCore Function License Agreement, or other 
applicable license agreement, including, without limitation, 
that your use is for the sole purpose of programming logic 
devices manufactured by Altera and sold by Altera or its 
authorized distributors.  Please refer to the applicable 
agreement for further details.



+-----------------------------------------------------------------------------------+
; Analysis & Synthesis Summary                                                      ;
+---------------------------------+-------------------------------------------------+
; Analysis & Synthesis Status     ; Successful - Tue Feb 28 13:55:23 2017           ;
; Quartus Prime Version           ; 16.0.0 Build 211 04/27/2016 SJ Standard Edition ;
; Revision Name                   ; rsr                                             ;
; Top-level Entity Name           ; rsr                                             ;
; Family                          ; Cyclone V                                       ;
; Logic utilization (in ALMs)     ; N/A                                             ;
; Total registers                 ; 67                                              ;
; Total pins                      ; 69                                              ;
; Total virtual pins              ; 0                                               ;
; Total block memory bits         ; 2,048                                           ;
; Total DSP Blocks                ; 158                                             ;
; Total HSSI RX PCSs              ; 0                                               ;
; Total HSSI PMA RX Deserializers ; 0                                               ;
; Total HSSI TX PCSs              ; 0                                               ;
; Total HSSI PMA TX Serializers   ; 0                                               ;
; Total PLLs                      ; 0                                               ;
; Total DLLs                      ; 0                                               ;
+---------------------------------+-------------------------------------------------+


+---------------------------------------------------------------------------------------------------------------------------+
; Analysis & Synthesis Settings                                                                                             ;
+---------------------------------------------------------------------------------+--------------------+--------------------+
; Option                                                                          ; Setting            ; Default Value      ;
+---------------------------------------------------------------------------------+--------------------+--------------------+
; Device                                                                          ; 5CGXFC7C7F23C8     ;                    ;
; Top-level entity name                                                           ; rsr                ; rsr                ;
; Family name                                                                     ; Cyclone V          ; Cyclone V          ;
; Use smart compilation                                                           ; Off                ; Off                ;
; Enable parallel Assembler and TimeQuest Timing Analyzer during compilation      ; On                 ; On                 ;
; Enable compact report table                                                     ; Off                ; Off                ;
; Restructure Multiplexers                                                        ; Auto               ; Auto               ;
; MLAB Add Timing Constraints For Mixed-Port Feed-Through Mode Setting Don't Care ; Off                ; Off                ;
; Create Debugging Nodes for IP Cores                                             ; Off                ; Off                ;
; Preserve fewer node names                                                       ; On                 ; On                 ;
; Disable OpenCore Plus hardware evaluation                                       ; Off                ; Off                ;
; Verilog Version                                                                 ; Verilog_2001       ; Verilog_2001       ;
; VHDL Version                                                                    ; VHDL_1993          ; VHDL_1993          ;
; State Machine Processing                                                        ; Auto               ; Auto               ;
; Safe State Machine                                                              ; Off                ; Off                ;
; Extract Verilog State Machines                                                  ; On                 ; On                 ;
; Extract VHDL State Machines                                                     ; On                 ; On                 ;
; Ignore Verilog initial constructs                                               ; Off                ; Off                ;
; Iteration limit for constant Verilog loops                                      ; 5000               ; 5000               ;
; Iteration limit for non-constant Verilog loops                                  ; 250                ; 250                ;
; Add Pass-Through Logic to Inferred RAMs                                         ; On                 ; On                 ;
; Infer RAMs from Raw Logic                                                       ; On                 ; On                 ;
; Parallel Synthesis                                                              ; On                 ; On                 ;
; DSP Block Balancing                                                             ; Auto               ; Auto               ;
; NOT Gate Push-Back                                                              ; On                 ; On                 ;
; Power-Up Don't Care                                                             ; On                 ; On                 ;
; Remove Redundant Logic Cells                                                    ; Off                ; Off                ;
; Remove Duplicate Registers                                                      ; On                 ; On                 ;
; Ignore CARRY Buffers                                                            ; Off                ; Off                ;
; Ignore CASCADE Buffers                                                          ; Off                ; Off                ;
; Ignore GLOBAL Buffers                                                           ; Off                ; Off                ;
; Ignore ROW GLOBAL Buffers                                                       ; Off                ; Off                ;
; Ignore LCELL Buffers                                                            ; Off                ; Off                ;
; Ignore SOFT Buffers                                                             ; On                 ; On                 ;
; Limit AHDL Integers to 32 Bits                                                  ; Off                ; Off                ;
; Optimization Technique                                                          ; Balanced           ; Balanced           ;
; Carry Chain Length                                                              ; 70                 ; 70                 ;
; Auto Carry Chains                                                               ; On                 ; On                 ;
; Auto Open-Drain Pins                                                            ; On                 ; On                 ;
; Perform WYSIWYG Primitive Resynthesis                                           ; Off                ; Off                ;
; Auto ROM Replacement                                                            ; On                 ; On                 ;
; Auto RAM Replacement                                                            ; On                 ; On                 ;
; Auto DSP Block Replacement                                                      ; On                 ; On                 ;
; Auto Shift Register Replacement                                                 ; Auto               ; Auto               ;
; Allow Shift Register Merging across Hierarchies                                 ; Auto               ; Auto               ;
; Auto Clock Enable Replacement                                                   ; On                 ; On                 ;
; Strict RAM Replacement                                                          ; Off                ; Off                ;
; Allow Synchronous Control Signals                                               ; On                 ; On                 ;
; Force Use of Synchronous Clear Signals                                          ; Off                ; Off                ;
; Auto Resource Sharing                                                           ; Off                ; Off                ;
; Allow Any RAM Size For Recognition                                              ; Off                ; Off                ;
; Allow Any ROM Size For Recognition                                              ; Off                ; Off                ;
; Allow Any Shift Register Size For Recognition                                   ; Off                ; Off                ;
; Use LogicLock Constraints during Resource Balancing                             ; On                 ; On                 ;
; Ignore translate_off and synthesis_off directives                               ; Off                ; Off                ;
; Timing-Driven Synthesis                                                         ; On                 ; On                 ;
; Report Parameter Settings                                                       ; On                 ; On                 ;
; Report Source Assignments                                                       ; On                 ; On                 ;
; Report Connectivity Checks                                                      ; On                 ; On                 ;
; Ignore Maximum Fan-Out Assignments                                              ; Off                ; Off                ;
; Synchronization Register Chain Length                                           ; 3                  ; 3                  ;
; PowerPlay Power Optimization During Synthesis                                   ; Normal compilation ; Normal compilation ;
; HDL message level                                                               ; Level2             ; Level2             ;
; Suppress Register Optimization Related Messages                                 ; Off                ; Off                ;
; Number of Removed Registers Reported in Synthesis Report                        ; 5000               ; 5000               ;
; Number of Swept Nodes Reported in Synthesis Report                              ; 5000               ; 5000               ;
; Number of Inverted Registers Reported in Synthesis Report                       ; 100                ; 100                ;
; Clock MUX Protection                                                            ; On                 ; On                 ;
; Auto Gated Clock Conversion                                                     ; Off                ; Off                ;
; Block Design Naming                                                             ; Auto               ; Auto               ;
; SDC constraint protection                                                       ; Off                ; Off                ;
; Synthesis Effort                                                                ; Auto               ; Auto               ;
; Shift Register Replacement - Allow Asynchronous Clear Signal                    ; On                 ; On                 ;
; Pre-Mapping Resynthesis Optimization                                            ; Off                ; Off                ;
; Analysis & Synthesis Message Level                                              ; Medium             ; Medium             ;
; Disable Register Merging Across Hierarchies                                     ; Auto               ; Auto               ;
; Resource Aware Inference For Block RAM                                          ; On                 ; On                 ;
; Synthesis Seed                                                                  ; 1                  ; 1                  ;
; Automatic Parallel Synthesis                                                    ; On                 ; On                 ;
; Partial Reconfiguration Bitstream ID                                            ; Off                ; Off                ;
+---------------------------------------------------------------------------------+--------------------+--------------------+


+------------------------------------------+
; Parallel Compilation                     ;
+----------------------------+-------------+
; Processors                 ; Number      ;
+----------------------------+-------------+
; Number detected on machine ; 8           ;
; Maximum allowed            ; 4           ;
;                            ;             ;
; Average used               ; 1.00        ;
; Maximum used               ; 4           ;
;                            ;             ;
; Usage by Processor         ; % Time Used ;
;     Processor 1            ; 100.0%      ;
;     Processor 2            ;   0.0%      ;
;     Processor 3            ;   0.0%      ;
;     Processor 4            ;   0.0%      ;
+----------------------------+-------------+


+---------------------------------------------------------------------------------------------------------------------------------------------------------------------------------------+
; Analysis & Synthesis Source Files Read                                                                                                                                                ;
+----------------------------------+-----------------+----------------------------------------+-------------------------------------------------------------------------------+---------+
; File Name with User-Entered Path ; Used in Netlist ; File Type                              ; File Name with Absolute Path                                                  ; Library ;
+----------------------------------+-----------------+----------------------------------------+-------------------------------------------------------------------------------+---------+
; rsr.vhd                          ; yes             ; User VHDL File                         ; C:/Users/s96s544/Desktop/EELE466-master/lab_3/rsr.vhd                         ;         ;
; guess.vhd                        ; yes             ; User VHDL File                         ; C:/Users/s96s544/Desktop/EELE466-master/lab_3/guess.vhd                       ;         ;
; lzc.vhd                          ; yes             ; User VHDL File                         ; C:/Users/s96s544/Desktop/EELE466-master/lab_3/lzc.vhd                         ;         ;
; iterations.vhd                   ; yes             ; User VHDL File                         ; C:/Users/s96s544/Desktop/EELE466-master/lab_3/iterations.vhd                  ;         ;
; ROM1.vhd                         ; yes             ; User Wizard-Generated File             ; C:/Users/s96s544/Desktop/EELE466-master/lab_3/ROM1.vhd                        ;         ;
; Newtons_method.vhd               ; yes             ; User VHDL File                         ; C:/Users/s96s544/Desktop/EELE466-master/lab_3/Newtons_method.vhd              ;         ;
; altsyncram.tdf                   ; yes             ; Megafunction                           ; c:/altera/16.0_standard/quartus/libraries/megafunctions/altsyncram.tdf        ;         ;
; stratix_ram_block.inc            ; yes             ; Megafunction                           ; c:/altera/16.0_standard/quartus/libraries/megafunctions/stratix_ram_block.inc ;         ;
; lpm_mux.inc                      ; yes             ; Megafunction                           ; c:/altera/16.0_standard/quartus/libraries/megafunctions/lpm_mux.inc           ;         ;
; lpm_decode.inc                   ; yes             ; Megafunction                           ; c:/altera/16.0_standard/quartus/libraries/megafunctions/lpm_decode.inc        ;         ;
; aglobal160.inc                   ; yes             ; Megafunction                           ; c:/altera/16.0_standard/quartus/libraries/megafunctions/aglobal160.inc        ;         ;
; a_rdenreg.inc                    ; yes             ; Megafunction                           ; c:/altera/16.0_standard/quartus/libraries/megafunctions/a_rdenreg.inc         ;         ;
; altrom.inc                       ; yes             ; Megafunction                           ; c:/altera/16.0_standard/quartus/libraries/megafunctions/altrom.inc            ;         ;
; altram.inc                       ; yes             ; Megafunction                           ; c:/altera/16.0_standard/quartus/libraries/megafunctions/altram.inc            ;         ;
; altdpram.inc                     ; yes             ; Megafunction                           ; c:/altera/16.0_standard/quartus/libraries/megafunctions/altdpram.inc          ;         ;
; db/altsyncram_rk24.tdf           ; yes             ; Auto-Generated Megafunction            ; C:/Users/s96s544/Desktop/EELE466-master/lab_3/db/altsyncram_rk24.tdf          ;         ;
; rsqrt_table.mif                  ; yes             ; Auto-Found Memory Initialization File  ; C:/Users/s96s544/Desktop/EELE466-master/lab_3/rsqrt_table.mif                 ;         ;
+----------------------------------+-----------------+----------------------------------------+-------------------------------------------------------------------------------+---------+


+---------------------------------------------------------------+
; Analysis & Synthesis Resource Usage Summary                   ;
+---------------------------------------------+-----------------+
; Resource                                    ; Usage           ;
+---------------------------------------------+-----------------+
; Estimate of Logic utilization (ALMs needed) ; 2410            ;
;                                             ;                 ;
; Combinational ALUT usage for logic          ; 4639            ;
;     -- 7 input functions                    ; 0               ;
;     -- 6 input functions                    ; 173             ;
;     -- 5 input functions                    ; 36              ;
;     -- 4 input functions                    ; 23              ;
;     -- <=3 input functions                  ; 4407            ;
;                                             ;                 ;
; Dedicated logic registers                   ; 67              ;
;                                             ;                 ;
; I/O pins                                    ; 69              ;
; Total MLAB memory bits                      ; 0               ;
; Total block memory bits                     ; 2048            ;
;                                             ;                 ;
; Total DSP Blocks                            ; 158             ;
;                                             ;                 ;
; Maximum fan-out node                        ; guess:A1|Add2~1 ;
; Maximum fan-out                             ; 82              ;
; Total fan-out                               ; 18983           ;
; Average fan-out                             ; 3.79            ;
+---------------------------------------------+-----------------+


+----------------------------------------------------------------------------------------------------------------------------------------------------------------------------------------------------------------------------------------------------------------------------+
; Analysis & Synthesis Resource Utilization by Entity                                                                                                                                                                                                                        ;
+---------------------------------------------------+-------------------+--------------+-------------------+------------+------+--------------+---------------------------------------------------------------------------------------------+-----------------+--------------+
; Compilation Hierarchy Node                        ; LC Combinationals ; LC Registers ; Block Memory Bits ; DSP Blocks ; Pins ; Virtual Pins ; Full Hierarchy Name                                                                         ; Entity Name     ; Library Name ;
+---------------------------------------------------+-------------------+--------------+-------------------+------------+------+--------------+---------------------------------------------------------------------------------------------+-----------------+--------------+
; |rsr                                              ; 4639 (0)          ; 67 (40)      ; 2048              ; 158        ; 69   ; 0            ; |rsr                                                                                        ; rsr             ; work         ;
;    |guess:A1|                                     ; 292 (269)         ; 27 (0)       ; 2048              ; 5          ; 0    ; 0            ; |rsr|guess:A1                                                                               ; guess           ; work         ;
;       |ROM1:romlookup|                            ; 0 (0)             ; 0 (0)        ; 2048              ; 0          ; 0    ; 0            ; |rsr|guess:A1|ROM1:romlookup                                                                ; ROM1            ; work         ;
;          |altsyncram:altsyncram_component|        ; 0 (0)             ; 0 (0)        ; 2048              ; 0          ; 0    ; 0            ; |rsr|guess:A1|ROM1:romlookup|altsyncram:altsyncram_component                                ; altsyncram      ; work         ;
;             |altsyncram_rk24:auto_generated|      ; 0 (0)             ; 0 (0)        ; 2048              ; 0          ; 0    ; 0            ; |rsr|guess:A1|ROM1:romlookup|altsyncram:altsyncram_component|altsyncram_rk24:auto_generated ; altsyncram_rk24 ; work         ;
;       |lzc:A1|                                    ; 23 (23)           ; 27 (27)      ; 0                 ; 0          ; 0    ; 0            ; |rsr|guess:A1|lzc:A1                                                                        ; lzc             ; work         ;
;    |iterations:A2|                                ; 4347 (0)          ; 0 (0)        ; 0                 ; 153        ; 0    ; 0            ; |rsr|iterations:A2                                                                          ; iterations      ; work         ;
;       |Newtons_method:\Gen_latch:0:Firstloop:A0|  ; 1109 (1109)       ; 0 (0)        ; 0                 ; 39         ; 0    ; 0            ; |rsr|iterations:A2|Newtons_method:\Gen_latch:0:Firstloop:A0                                 ; Newtons_method  ; work         ;
;       |Newtons_method:\Gen_latch:1:Secondloop:A1| ; 1109 (1109)       ; 0 (0)        ; 0                 ; 39         ; 0    ; 0            ; |rsr|iterations:A2|Newtons_method:\Gen_latch:1:Secondloop:A1                                ; Newtons_method  ; work         ;
;       |Newtons_method:\Gen_latch:2:thirdloop:A2|  ; 1109 (1109)       ; 0 (0)        ; 0                 ; 39         ; 0    ; 0            ; |rsr|iterations:A2|Newtons_method:\Gen_latch:2:thirdloop:A2                                 ; Newtons_method  ; work         ;
;       |Newtons_method:\Gen_latch:3:Finalloop:A3|  ; 1020 (1020)       ; 0 (0)        ; 0                 ; 36         ; 0    ; 0            ; |rsr|iterations:A2|Newtons_method:\Gen_latch:3:Finalloop:A3                                 ; Newtons_method  ; work         ;
+---------------------------------------------------+-------------------+--------------+-------------------+------------+------+--------------+---------------------------------------------------------------------------------------------+-----------------+--------------+
Note: For table entries with two numbers listed, the numbers in parentheses indicate the number of resources of the given type used by the specific entity alone. The numbers listed outside of parentheses indicate the total resources of the given type used by the specific entity and all of its sub-entities in the hierarchy.


+------------------------------------------------------------------------------------------------------------------------------------------------------------------------------------------------------+
; Analysis & Synthesis RAM Summary                                                                                                                                                                     ;
+---------------------------------------------------------------------------------------------------+------+------+--------------+--------------+--------------+--------------+------+-----------------+
; Name                                                                                              ; Type ; Mode ; Port A Depth ; Port A Width ; Port B Depth ; Port B Width ; Size ; MIF             ;
+---------------------------------------------------------------------------------------------------+------+------+--------------+--------------+--------------+--------------+------+-----------------+
; guess:A1|ROM1:romlookup|altsyncram:altsyncram_component|altsyncram_rk24:auto_generated|ALTSYNCRAM ; AUTO ; ROM  ; 256          ; 8            ; --           ; --           ; 2048 ; rsqrt_table.mif ;
+---------------------------------------------------------------------------------------------------+------+------+--------------+--------------+--------------+--------------+------+-----------------+


+-------------------------------------------------+
; Analysis & Synthesis DSP Block Usage Summary    ;
+-----------------------------------+-------------+
; Statistic                         ; Number Used ;
+-----------------------------------+-------------+
; Independent 9x9                   ; 1           ;
; Two Independent 18x18             ; 89          ;
; Independent 18x18 plus 36         ; 2           ;
; Sum of two 18x18                  ; 46          ;
; Independent 27x27                 ; 20          ;
; Total number of DSP blocks        ; 158         ;
;                                   ;             ;
; Fixed Point Unsigned Multiplier   ; 202         ;
; Fixed Point Mixed Sign Multiplier ; 2           ;
+-----------------------------------+-------------+


+----------------------------------------------------------------------------------------------------------------+
; Analysis & Synthesis IP Cores Summary                                                                          ;
+--------+--------------+---------+--------------+--------------+------------------------------+-----------------+
; Vendor ; IP Core Name ; Version ; Release Date ; License Type ; Entity Instance              ; IP Include File ;
+--------+--------------+---------+--------------+--------------+------------------------------+-----------------+
; Altera ; ROM: 1-PORT  ; 16.0    ; N/A          ; N/A          ; |rsr|guess:A1|ROM1:romlookup ; ROM1.vhd        ;
+--------+--------------+---------+--------------+--------------+------------------------------+-----------------+


+---------------------------------------------------------------------------------------------------+
; User-Specified and Inferred Latches                                                               ;
+----------------------------------------------------+---------------------+------------------------+
; Latch Name                                         ; Latch Enable Signal ; Free of Timing Hazards ;
+----------------------------------------------------+---------------------+------------------------+
; guess:A1|yguess[37]                                ; VCC                 ; yes                    ;
; guess:A1|yguess[38]                                ; VCC                 ; yes                    ;
; guess:A1|yguess[39]                                ; VCC                 ; yes                    ;
; guess:A1|yguess[40]                                ; VCC                 ; yes                    ;
; Number of user-specified and inferred latches = 4  ;                     ;                        ;
+----------------------------------------------------+---------------------+------------------------+
Note: All latches listed above may not be present at the end of synthesis due to various synthesis optimizations.


+------------------------------------------------------+
; General Register Statistics                          ;
+----------------------------------------------+-------+
; Statistic                                    ; Value ;
+----------------------------------------------+-------+
; Total registers                              ; 67    ;
; Number of registers using Synchronous Clear  ; 0     ;
; Number of registers using Synchronous Load   ; 0     ;
; Number of registers using Asynchronous Clear ; 0     ;
; Number of registers using Asynchronous Load  ; 0     ;
; Number of registers using Clock Enable       ; 0     ;
; Number of registers using Preset             ; 0     ;
+----------------------------------------------+-------+


+------------------------------------------------------------------------------------------------------------------------------------------+
; Multiplexer Restructuring Statistics (Restructuring Performed)                                                                           ;
+--------------------+-----------+---------------+----------------------+------------------------+------------+----------------------------+
; Multiplexer Inputs ; Bus Width ; Baseline Area ; Area if Restructured ; Saving if Restructured ; Registered ; Example Multiplexer Output ;
+--------------------+-----------+---------------+----------------------+------------------------+------------+----------------------------+
; 4:1                ; 15 bits   ; 30 LEs        ; 30 LEs               ; 0 LEs                  ; No         ; |rsr|guess:A1|ShiftRight1  ;
; 4:1                ; 21 bits   ; 42 LEs        ; 42 LEs               ; 0 LEs                  ; No         ; |rsr|guess:A1|ShiftLeft0   ;
; 4:1                ; 4 bits    ; 8 LEs         ; 8 LEs                ; 0 LEs                  ; No         ; |rsr|guess:A1|ShiftLeft0   ;
; 4:1                ; 4 bits    ; 8 LEs         ; 8 LEs                ; 0 LEs                  ; No         ; |rsr|guess:A1|ShiftLeft0   ;
; 4:1                ; 21 bits   ; 42 LEs        ; 42 LEs               ; 0 LEs                  ; No         ; |rsr|guess:A1|ShiftRight0  ;
; 4:1                ; 4 bits    ; 8 LEs         ; 8 LEs                ; 0 LEs                  ; No         ; |rsr|guess:A1|ShiftRight0  ;
; 4:1                ; 4 bits    ; 8 LEs         ; 8 LEs                ; 0 LEs                  ; No         ; |rsr|guess:A1|ShiftRight0  ;
; 4:1                ; 7 bits    ; 14 LEs        ; 14 LEs               ; 0 LEs                  ; No         ; |rsr|guess:A1|ShiftLeft1   ;
; 9:1                ; 8 bits    ; 48 LEs        ; 48 LEs               ; 0 LEs                  ; No         ; |rsr|guess:A1|Xa[18]       ;
; 9:1                ; 8 bits    ; 48 LEs        ; 48 LEs               ; 0 LEs                  ; No         ; |rsr|guess:A1|Xa[10]       ;
; 12:1               ; 4 bits    ; 32 LEs        ; 32 LEs               ; 0 LEs                  ; No         ; |rsr|guess:A1|Xa[27]       ;
; 12:1               ; 4 bits    ; 32 LEs        ; 32 LEs               ; 0 LEs                  ; No         ; |rsr|guess:A1|Xa[15]       ;
; 12:1               ; 4 bits    ; 32 LEs        ; 32 LEs               ; 0 LEs                  ; No         ; |rsr|guess:A1|Xa[0]        ;
; 14:1               ; 2 bits    ; 18 LEs        ; 18 LEs               ; 0 LEs                  ; No         ; |rsr|guess:A1|Xb[13]       ;
; 17:1               ; 2 bits    ; 22 LEs        ; 20 LEs               ; 2 LEs                  ; No         ; |rsr|guess:A1|Xb[7]        ;
+--------------------+-----------+---------------+----------------------+------------------------+------------+----------------------------+


+---------------------------------------------------------------------------------------------------------------+
; Source assignments for guess:A1|ROM1:romlookup|altsyncram:altsyncram_component|altsyncram_rk24:auto_generated ;
+---------------------------------+--------------------+------+-------------------------------------------------+
; Assignment                      ; Value              ; From ; To                                              ;
+---------------------------------+--------------------+------+-------------------------------------------------+
; OPTIMIZE_POWER_DURING_SYNTHESIS ; NORMAL_COMPILATION ; -    ; -                                               ;
+---------------------------------+--------------------+------+-------------------------------------------------+


+------------------------------------------------------------------------------------------------------+
; Parameter Settings for User Entity Instance: guess:A1|ROM1:romlookup|altsyncram:altsyncram_component ;
+------------------------------------+----------------------+------------------------------------------+
; Parameter Name                     ; Value                ; Type                                     ;
+------------------------------------+----------------------+------------------------------------------+
; BYTE_SIZE_BLOCK                    ; 8                    ; Untyped                                  ;
; AUTO_CARRY_CHAINS                  ; ON                   ; AUTO_CARRY                               ;
; IGNORE_CARRY_BUFFERS               ; OFF                  ; IGNORE_CARRY                             ;
; AUTO_CASCADE_CHAINS                ; ON                   ; AUTO_CASCADE                             ;
; IGNORE_CASCADE_BUFFERS             ; OFF                  ; IGNORE_CASCADE                           ;
; WIDTH_BYTEENA                      ; 1                    ; Untyped                                  ;
; OPERATION_MODE                     ; ROM                  ; Untyped                                  ;
; WIDTH_A                            ; 8                    ; Signed Integer                           ;
; WIDTHAD_A                          ; 8                    ; Signed Integer                           ;
; NUMWORDS_A                         ; 256                  ; Signed Integer                           ;
; OUTDATA_REG_A                      ; UNREGISTERED         ; Untyped                                  ;
; ADDRESS_ACLR_A                     ; NONE                 ; Untyped                                  ;
; OUTDATA_ACLR_A                     ; NONE                 ; Untyped                                  ;
; WRCONTROL_ACLR_A                   ; NONE                 ; Untyped                                  ;
; INDATA_ACLR_A                      ; NONE                 ; Untyped                                  ;
; BYTEENA_ACLR_A                     ; NONE                 ; Untyped                                  ;
; WIDTH_B                            ; 1                    ; Signed Integer                           ;
; WIDTHAD_B                          ; 1                    ; Signed Integer                           ;
; NUMWORDS_B                         ; 0                    ; Signed Integer                           ;
; INDATA_REG_B                       ; CLOCK1               ; Untyped                                  ;
; WRCONTROL_WRADDRESS_REG_B          ; CLOCK1               ; Untyped                                  ;
; RDCONTROL_REG_B                    ; CLOCK1               ; Untyped                                  ;
; ADDRESS_REG_B                      ; CLOCK1               ; Untyped                                  ;
; OUTDATA_REG_B                      ; UNREGISTERED         ; Untyped                                  ;
; BYTEENA_REG_B                      ; CLOCK1               ; Untyped                                  ;
; INDATA_ACLR_B                      ; NONE                 ; Untyped                                  ;
; WRCONTROL_ACLR_B                   ; NONE                 ; Untyped                                  ;
; ADDRESS_ACLR_B                     ; NONE                 ; Untyped                                  ;
; OUTDATA_ACLR_B                     ; NONE                 ; Untyped                                  ;
; RDCONTROL_ACLR_B                   ; NONE                 ; Untyped                                  ;
; BYTEENA_ACLR_B                     ; NONE                 ; Untyped                                  ;
; WIDTH_BYTEENA_A                    ; 1                    ; Signed Integer                           ;
; WIDTH_BYTEENA_B                    ; 1                    ; Signed Integer                           ;
; RAM_BLOCK_TYPE                     ; AUTO                 ; Untyped                                  ;
; BYTE_SIZE                          ; 8                    ; Signed Integer                           ;
; READ_DURING_WRITE_MODE_MIXED_PORTS ; DONT_CARE            ; Untyped                                  ;
; READ_DURING_WRITE_MODE_PORT_A      ; NEW_DATA_NO_NBE_READ ; Untyped                                  ;
; READ_DURING_WRITE_MODE_PORT_B      ; NEW_DATA_NO_NBE_READ ; Untyped                                  ;
; INIT_FILE                          ; rsqrt_table.mif      ; Untyped                                  ;
; INIT_FILE_LAYOUT                   ; PORT_A               ; Untyped                                  ;
; MAXIMUM_DEPTH                      ; 0                    ; Signed Integer                           ;
; CLOCK_ENABLE_INPUT_A               ; BYPASS               ; Untyped                                  ;
; CLOCK_ENABLE_INPUT_B               ; NORMAL               ; Untyped                                  ;
; CLOCK_ENABLE_OUTPUT_A              ; BYPASS               ; Untyped                                  ;
; CLOCK_ENABLE_OUTPUT_B              ; NORMAL               ; Untyped                                  ;
; CLOCK_ENABLE_CORE_A                ; USE_INPUT_CLKEN      ; Untyped                                  ;
; CLOCK_ENABLE_CORE_B                ; USE_INPUT_CLKEN      ; Untyped                                  ;
; ENABLE_ECC                         ; FALSE                ; Untyped                                  ;
; ECC_PIPELINE_STAGE_ENABLED         ; FALSE                ; Untyped                                  ;
; WIDTH_ECCSTATUS                    ; 3                    ; Signed Integer                           ;
; DEVICE_FAMILY                      ; Cyclone V            ; Untyped                                  ;
; CBXI_PARAMETER                     ; altsyncram_rk24      ; Untyped                                  ;
+------------------------------------+----------------------+------------------------------------------+
Note: In order to hide this table in the UI and the text report file, please set the "Show Parameter Settings in Synthesis Report" option in "Analysis and Synthesis Settings -> More Settings" to "Off".


+-----------------------------------------------------------------------------------------------------+
; altsyncram Parameter Settings by Entity Instance                                                    ;
+-------------------------------------------+---------------------------------------------------------+
; Name                                      ; Value                                                   ;
+-------------------------------------------+---------------------------------------------------------+
; Number of entity instances                ; 1                                                       ;
; Entity Instance                           ; guess:A1|ROM1:romlookup|altsyncram:altsyncram_component ;
;     -- OPERATION_MODE                     ; ROM                                                     ;
;     -- WIDTH_A                            ; 8                                                       ;
;     -- NUMWORDS_A                         ; 256                                                     ;
;     -- OUTDATA_REG_A                      ; UNREGISTERED                                            ;
;     -- WIDTH_B                            ; 1                                                       ;
;     -- NUMWORDS_B                         ; 0                                                       ;
;     -- ADDRESS_REG_B                      ; CLOCK1                                                  ;
;     -- OUTDATA_REG_B                      ; UNREGISTERED                                            ;
;     -- RAM_BLOCK_TYPE                     ; AUTO                                                    ;
;     -- READ_DURING_WRITE_MODE_MIXED_PORTS ; DONT_CARE                                               ;
+-------------------------------------------+---------------------------------------------------------+


+-----------------------------------------------------------------------------------------------------------------------------+
; Port Connectivity Checks: "iterations:A2|Newtons_method:\Gen_latch:3:Finalloop:A3"                                          ;
+-------------------+--------+----------+-------------------------------------------------------------------------------------+
; Port              ; Type   ; Severity ; Details                                                                             ;
+-------------------+--------+----------+-------------------------------------------------------------------------------------+
; yguessout[55..42] ; Output ; Info     ; Connected to dangling logic. Logic that only feeds a dangling port will be removed. ;
; yguessout[13..0]  ; Output ; Info     ; Connected to dangling logic. Logic that only feeds a dangling port will be removed. ;
+-------------------+--------+----------+-------------------------------------------------------------------------------------+


+------------------------------------------------------------------------------------+
; Port Connectivity Checks: "iterations:A2|Newtons_method:\Gen_latch:0:Firstloop:A0" ;
+-------------+-------+----------+---------------------------------------------------+
; Port        ; Type  ; Severity ; Details                                           ;
+-------------+-------+----------+---------------------------------------------------+
; yin[55..42] ; Input ; Info     ; Stuck at GND                                      ;
; yin[13..0]  ; Input ; Info     ; Stuck at GND                                      ;
+-------------+-------+----------+---------------------------------------------------+


+-----------------------------------------------------+
; Post-Synthesis Netlist Statistics for Top Partition ;
+-----------------------+-----------------------------+
; Type                  ; Count                       ;
+-----------------------+-----------------------------+
; arriav_ff             ; 67                          ;
;     plain             ; 67                          ;
; arriav_lcell_comb     ; 4639                        ;
;     arith             ; 2699                        ;
;         0 data inputs ; 6                           ;
;         1 data inputs ; 869                         ;
;         2 data inputs ; 1809                        ;
;         3 data inputs ; 9                           ;
;         4 data inputs ; 5                           ;
;         5 data inputs ; 1                           ;
;     normal            ; 270                         ;
;         2 data inputs ; 13                          ;
;         3 data inputs ; 31                          ;
;         4 data inputs ; 18                          ;
;         5 data inputs ; 35                          ;
;         6 data inputs ; 173                         ;
;     shared            ; 1670                        ;
;         0 data inputs ; 99                          ;
;         1 data inputs ; 278                         ;
;         2 data inputs ; 1102                        ;
;         3 data inputs ; 191                         ;
; arriav_mac            ; 158                         ;
; boundary_port         ; 69                          ;
; stratixv_ram_block    ; 8                           ;
;                       ;                             ;
; Max LUT depth         ; 16.10                       ;
; Average LUT depth     ; 9.73                        ;
+-----------------------+-----------------------------+


+-------------------------------+
; Elapsed Time Per Partition    ;
+----------------+--------------+
; Partition Name ; Elapsed Time ;
+----------------+--------------+
; Top            ; 00:00:05     ;
+----------------+--------------+


+-------------------------------+
; Analysis & Synthesis Messages ;
+-------------------------------+
Info: *******************************************************************
Info: Running Quartus Prime Analysis & Synthesis
    Info: Version 16.0.0 Build 211 04/27/2016 SJ Standard Edition
    Info: Processing started: Tue Feb 28 13:55:06 2017
Info: Command: quartus_map --read_settings_files=on --write_settings_files=off rsr -c rsr
Warning (18236): Number of processors has not been specified which may cause overloading on shared machines.  Set the global assignment NUM_PARALLEL_PROCESSORS in your QSF to an appropriate value for best performance.
Info (20030): Parallel compilation is enabled and will use 4 of the 4 processors detected
Info (12021): Found 2 design units, including 1 entities, in source file rsr.vhd
    Info (12022): Found design unit 1: rsr-rsr_arch File: C:/Users/s96s544/Desktop/EELE466-master/lab_3/rsr.vhd Line: 22
    Info (12023): Found entity 1: rsr File: C:/Users/s96s544/Desktop/EELE466-master/lab_3/rsr.vhd Line: 6
Info (12021): Found 2 design units, including 1 entities, in source file guess.vhd
    Info (12022): Found design unit 1: guess-guess_arch File: C:/Users/s96s544/Desktop/EELE466-master/lab_3/guess.vhd Line: 18
    Info (12023): Found entity 1: guess File: C:/Users/s96s544/Desktop/EELE466-master/lab_3/guess.vhd Line: 6
Info (12021): Found 2 design units, including 1 entities, in source file lzc.vhd
    Info (12022): Found design unit 1: lzc-behavioral File: C:/Users/s96s544/Desktop/EELE466-master/lab_3/lzc.vhd Line: 14
    Info (12023): Found entity 1: lzc File: C:/Users/s96s544/Desktop/EELE466-master/lab_3/lzc.vhd Line: 6
Info (12021): Found 2 design units, including 1 entities, in source file iterations.vhd
    Info (12022): Found design unit 1: iterations-iterations_arch File: C:/Users/s96s544/Desktop/EELE466-master/lab_3/iterations.vhd Line: 17
    Info (12023): Found entity 1: iterations File: C:/Users/s96s544/Desktop/EELE466-master/lab_3/iterations.vhd Line: 6
Info (12021): Found 2 design units, including 1 entities, in source file rom1.vhd
    Info (12022): Found design unit 1: rom1-SYN File: C:/Users/s96s544/Desktop/EELE466-master/lab_3/ROM1.vhd Line: 53
    Info (12023): Found entity 1: ROM1 File: C:/Users/s96s544/Desktop/EELE466-master/lab_3/ROM1.vhd Line: 43
Info (12021): Found 2 design units, including 1 entities, in source file newtons_method.vhd
    Info (12022): Found design unit 1: Newtons_method-Newtons_method_arch File: C:/Users/s96s544/Desktop/EELE466-master/lab_3/Newtons_method.vhd Line: 16
    Info (12023): Found entity 1: Newtons_method File: C:/Users/s96s544/Desktop/EELE466-master/lab_3/Newtons_method.vhd Line: 5
Info (12127): Elaborating entity "rsr" for the top level hierarchy
Info (12128): Elaborating entity "guess" for hierarchy "guess:A1" File: C:/Users/s96s544/Desktop/EELE466-master/lab_3/rsr.vhd Line: 66
Warning (10631): VHDL Process Statement warning at guess.vhd(65): inferring latch(es) for signal or variable "alpha", which holds its previous value in one or more paths through the process File: C:/Users/s96s544/Desktop/EELE466-master/lab_3/guess.vhd Line: 65
Warning (10631): VHDL Process Statement warning at guess.vhd(105): inferring latch(es) for signal or variable "yguess", which holds its previous value in one or more paths through the process File: C:/Users/s96s544/Desktop/EELE466-master/lab_3/guess.vhd Line: 105
Info (10041): Inferred latch for "yguess[13]" at guess.vhd(105) File: C:/Users/s96s544/Desktop/EELE466-master/lab_3/guess.vhd Line: 105
Info (10041): Inferred latch for "yguess[14]" at guess.vhd(105) File: C:/Users/s96s544/Desktop/EELE466-master/lab_3/guess.vhd Line: 105
Info (10041): Inferred latch for "yguess[15]" at guess.vhd(105) File: C:/Users/s96s544/Desktop/EELE466-master/lab_3/guess.vhd Line: 105
Info (10041): Inferred latch for "yguess[16]" at guess.vhd(105) File: C:/Users/s96s544/Desktop/EELE466-master/lab_3/guess.vhd Line: 105
Info (10041): Inferred latch for "yguess[17]" at guess.vhd(105) File: C:/Users/s96s544/Desktop/EELE466-master/lab_3/guess.vhd Line: 105
Info (10041): Inferred latch for "yguess[18]" at guess.vhd(105) File: C:/Users/s96s544/Desktop/EELE466-master/lab_3/guess.vhd Line: 105
Info (10041): Inferred latch for "yguess[19]" at guess.vhd(105) File: C:/Users/s96s544/Desktop/EELE466-master/lab_3/guess.vhd Line: 105
Info (10041): Inferred latch for "yguess[20]" at guess.vhd(105) File: C:/Users/s96s544/Desktop/EELE466-master/lab_3/guess.vhd Line: 105
Info (10041): Inferred latch for "yguess[21]" at guess.vhd(105) File: C:/Users/s96s544/Desktop/EELE466-master/lab_3/guess.vhd Line: 105
Info (10041): Inferred latch for "yguess[22]" at guess.vhd(105) File: C:/Users/s96s544/Desktop/EELE466-master/lab_3/guess.vhd Line: 105
Info (10041): Inferred latch for "yguess[23]" at guess.vhd(105) File: C:/Users/s96s544/Desktop/EELE466-master/lab_3/guess.vhd Line: 105
Info (10041): Inferred latch for "yguess[24]" at guess.vhd(105) File: C:/Users/s96s544/Desktop/EELE466-master/lab_3/guess.vhd Line: 105
Info (10041): Inferred latch for "yguess[25]" at guess.vhd(105) File: C:/Users/s96s544/Desktop/EELE466-master/lab_3/guess.vhd Line: 105
Info (10041): Inferred latch for "yguess[26]" at guess.vhd(105) File: C:/Users/s96s544/Desktop/EELE466-master/lab_3/guess.vhd Line: 105
Info (10041): Inferred latch for "yguess[27]" at guess.vhd(105) File: C:/Users/s96s544/Desktop/EELE466-master/lab_3/guess.vhd Line: 105
Info (10041): Inferred latch for "yguess[28]" at guess.vhd(105) File: C:/Users/s96s544/Desktop/EELE466-master/lab_3/guess.vhd Line: 105
Info (10041): Inferred latch for "yguess[29]" at guess.vhd(105) File: C:/Users/s96s544/Desktop/EELE466-master/lab_3/guess.vhd Line: 105
Info (10041): Inferred latch for "yguess[30]" at guess.vhd(105) File: C:/Users/s96s544/Desktop/EELE466-master/lab_3/guess.vhd Line: 105
Info (10041): Inferred latch for "yguess[31]" at guess.vhd(105) File: C:/Users/s96s544/Desktop/EELE466-master/lab_3/guess.vhd Line: 105
Info (10041): Inferred latch for "yguess[32]" at guess.vhd(105) File: C:/Users/s96s544/Desktop/EELE466-master/lab_3/guess.vhd Line: 105
Info (10041): Inferred latch for "yguess[33]" at guess.vhd(105) File: C:/Users/s96s544/Desktop/EELE466-master/lab_3/guess.vhd Line: 105
Info (10041): Inferred latch for "yguess[34]" at guess.vhd(105) File: C:/Users/s96s544/Desktop/EELE466-master/lab_3/guess.vhd Line: 105
Info (10041): Inferred latch for "yguess[35]" at guess.vhd(105) File: C:/Users/s96s544/Desktop/EELE466-master/lab_3/guess.vhd Line: 105
Info (10041): Inferred latch for "yguess[36]" at guess.vhd(105) File: C:/Users/s96s544/Desktop/EELE466-master/lab_3/guess.vhd Line: 105
Info (10041): Inferred latch for "yguess[37]" at guess.vhd(105) File: C:/Users/s96s544/Desktop/EELE466-master/lab_3/guess.vhd Line: 105
Info (10041): Inferred latch for "yguess[38]" at guess.vhd(105) File: C:/Users/s96s544/Desktop/EELE466-master/lab_3/guess.vhd Line: 105
Info (10041): Inferred latch for "yguess[39]" at guess.vhd(105) File: C:/Users/s96s544/Desktop/EELE466-master/lab_3/guess.vhd Line: 105
Info (10041): Inferred latch for "yguess[40]" at guess.vhd(105) File: C:/Users/s96s544/Desktop/EELE466-master/lab_3/guess.vhd Line: 105
Info (10041): Inferred latch for "alpha[0]" at guess.vhd(65) File: C:/Users/s96s544/Desktop/EELE466-master/lab_3/guess.vhd Line: 65
Info (10041): Inferred latch for "alpha[1]" at guess.vhd(65) File: C:/Users/s96s544/Desktop/EELE466-master/lab_3/guess.vhd Line: 65
Info (10041): Inferred latch for "alpha[2]" at guess.vhd(65) File: C:/Users/s96s544/Desktop/EELE466-master/lab_3/guess.vhd Line: 65
Info (10041): Inferred latch for "alpha[3]" at guess.vhd(65) File: C:/Users/s96s544/Desktop/EELE466-master/lab_3/guess.vhd Line: 65
Info (10041): Inferred latch for "alpha[4]" at guess.vhd(65) File: C:/Users/s96s544/Desktop/EELE466-master/lab_3/guess.vhd Line: 65
Info (10041): Inferred latch for "alpha[5]" at guess.vhd(65) File: C:/Users/s96s544/Desktop/EELE466-master/lab_3/guess.vhd Line: 65
Info (10041): Inferred latch for "alpha[6]" at guess.vhd(65) File: C:/Users/s96s544/Desktop/EELE466-master/lab_3/guess.vhd Line: 65
Info (10041): Inferred latch for "alpha[7]" at guess.vhd(65) File: C:/Users/s96s544/Desktop/EELE466-master/lab_3/guess.vhd Line: 65
Info (10041): Inferred latch for "alpha[8]" at guess.vhd(65) File: C:/Users/s96s544/Desktop/EELE466-master/lab_3/guess.vhd Line: 65
Info (10041): Inferred latch for "alpha[9]" at guess.vhd(65) File: C:/Users/s96s544/Desktop/EELE466-master/lab_3/guess.vhd Line: 65
Info (10041): Inferred latch for "alpha[10]" at guess.vhd(65) File: C:/Users/s96s544/Desktop/EELE466-master/lab_3/guess.vhd Line: 65
Info (10041): Inferred latch for "alpha[11]" at guess.vhd(65) File: C:/Users/s96s544/Desktop/EELE466-master/lab_3/guess.vhd Line: 65
Info (12128): Elaborating entity "lzc" for hierarchy "guess:A1|lzc:A1" File: C:/Users/s96s544/Desktop/EELE466-master/lab_3/guess.vhd Line: 59
Warning (10036): Verilog HDL or VHDL warning at lzc.vhd(16): object "b0" assigned a value but never read File: C:/Users/s96s544/Desktop/EELE466-master/lab_3/lzc.vhd Line: 16
Info (12128): Elaborating entity "ROM1" for hierarchy "guess:A1|ROM1:romlookup" File: C:/Users/s96s544/Desktop/EELE466-master/lab_3/guess.vhd Line: 92
Info (12128): Elaborating entity "altsyncram" for hierarchy "guess:A1|ROM1:romlookup|altsyncram:altsyncram_component" File: C:/Users/s96s544/Desktop/EELE466-master/lab_3/ROM1.vhd Line: 60
Info (12130): Elaborated megafunction instantiation "guess:A1|ROM1:romlookup|altsyncram:altsyncram_component" File: C:/Users/s96s544/Desktop/EELE466-master/lab_3/ROM1.vhd Line: 60
Info (12133): Instantiated megafunction "guess:A1|ROM1:romlookup|altsyncram:altsyncram_component" with the following parameter: File: C:/Users/s96s544/Desktop/EELE466-master/lab_3/ROM1.vhd Line: 60
    Info (12134): Parameter "address_aclr_a" = "NONE"
    Info (12134): Parameter "address_aclr_b" = "NONE"
    Info (12134): Parameter "address_reg_b" = "CLOCK1"
    Info (12134): Parameter "byte_size" = "8"
    Info (12134): Parameter "byteena_aclr_a" = "UNUSED"
    Info (12134): Parameter "byteena_aclr_b" = "NONE"
    Info (12134): Parameter "byteena_reg_b" = "CLOCK1"
    Info (12134): Parameter "clock_enable_core_a" = "USE_INPUT_CLKEN"
    Info (12134): Parameter "clock_enable_core_b" = "USE_INPUT_CLKEN"
    Info (12134): Parameter "clock_enable_input_a" = "BYPASS"
    Info (12134): Parameter "clock_enable_input_b" = "NORMAL"
    Info (12134): Parameter "clock_enable_output_a" = "BYPASS"
    Info (12134): Parameter "clock_enable_output_b" = "NORMAL"
    Info (12134): Parameter "intended_device_family" = "Cyclone V"
    Info (12134): Parameter "ecc_pipeline_stage_enabled" = "FALSE"
    Info (12134): Parameter "enable_ecc" = "FALSE"
    Info (12134): Parameter "implement_in_les" = "OFF"
    Info (12134): Parameter "indata_aclr_a" = "UNUSED"
    Info (12134): Parameter "indata_aclr_b" = "NONE"
    Info (12134): Parameter "indata_reg_b" = "CLOCK1"
    Info (12134): Parameter "init_file" = "rsqrt_table.mif"
    Info (12134): Parameter "init_file_layout" = "PORT_A"
    Info (12134): Parameter "maximum_depth" = "0"
    Info (12134): Parameter "numwords_a" = "256"
    Info (12134): Parameter "numwords_b" = "0"
    Info (12134): Parameter "operation_mode" = "ROM"
    Info (12134): Parameter "outdata_aclr_a" = "NONE"
    Info (12134): Parameter "outdata_aclr_b" = "NONE"
    Info (12134): Parameter "outdata_reg_a" = "UNREGISTERED"
    Info (12134): Parameter "outdata_reg_b" = "UNREGISTERED"
    Info (12134): Parameter "power_up_uninitialized" = "FALSE"
    Info (12134): Parameter "ram_block_type" = "AUTO"
    Info (12134): Parameter "rdcontrol_aclr_b" = "NONE"
    Info (12134): Parameter "rdcontrol_reg_b" = "CLOCK1"
    Info (12134): Parameter "read_during_write_mode_mixed_ports" = "DONT_CARE"
    Info (12134): Parameter "read_during_write_mode_port_a" = "NEW_DATA_NO_NBE_READ"
    Info (12134): Parameter "read_during_write_mode_port_b" = "NEW_DATA_NO_NBE_READ"
    Info (12134): Parameter "stratixiv_m144k_allow_dual_clocks" = "ON"
    Info (12134): Parameter "width_a" = "8"
    Info (12134): Parameter "width_b" = "1"
    Info (12134): Parameter "width_byteena_a" = "1"
    Info (12134): Parameter "width_byteena_b" = "1"
    Info (12134): Parameter "width_eccstatus" = "3"
    Info (12134): Parameter "widthad_a" = "8"
    Info (12134): Parameter "widthad_b" = "1"
    Info (12134): Parameter "wrcontrol_aclr_a" = "UNUSED"
    Info (12134): Parameter "wrcontrol_aclr_b" = "NONE"
    Info (12134): Parameter "wrcontrol_wraddress_reg_b" = "CLOCK1"
    Info (12134): Parameter "lpm_hint" = "ENABLE_RUNTIME_MOD=NO"
    Info (12134): Parameter "lpm_type" = "altsyncram"
Info (12021): Found 1 design units, including 1 entities, in source file db/altsyncram_rk24.tdf
    Info (12023): Found entity 1: altsyncram_rk24 File: C:/Users/s96s544/Desktop/EELE466-master/lab_3/db/altsyncram_rk24.tdf Line: 28
Info (12128): Elaborating entity "altsyncram_rk24" for hierarchy "guess:A1|ROM1:romlookup|altsyncram:altsyncram_component|altsyncram_rk24:auto_generated" File: c:/altera/16.0_standard/quartus/libraries/megafunctions/altsyncram.tdf Line: 792
Info (12128): Elaborating entity "iterations" for hierarchy "iterations:A2" File: C:/Users/s96s544/Desktop/EELE466-master/lab_3/rsr.vhd Line: 68
Info (12128): Elaborating entity "Newtons_method" for hierarchy "iterations:A2|Newtons_method:\Gen_latch:0:Firstloop:A0" File: C:/Users/s96s544/Desktop/EELE466-master/lab_3/iterations.vhd Line: 50
Info (286030): Timing-Driven Synthesis is running
Info (16010): Generating hard_block partition "hard_block:auto_generated_inst"
    Info (16011): Adding 0 node(s), including 0 DDIO, 0 PLL, 0 transceiver and 0 LCELL
Info (21057): Implemented 4941 device resources after synthesis - the final resource count might be different
    Info (21058): Implemented 41 input pins
    Info (21059): Implemented 28 output pins
    Info (21061): Implemented 4706 logic cells
    Info (21064): Implemented 8 RAM segments
    Info (21062): Implemented 158 DSP elements
Info: Quartus Prime Analysis & Synthesis was successful. 0 errors, 4 warnings
    Info: Peak virtual memory: 1005 megabytes
    Info: Processing ended: Tue Feb 28 13:55:23 2017
    Info: Elapsed time: 00:00:17
    Info: Total CPU time (on all processors): 00:00:28


